{"/home/travis/build/npmtest/node-npmtest-zeroclipboard/test.js":{"path":"/home/travis/build/npmtest/node-npmtest-zeroclipboard/test.js","s":{"1":2,"2":2,"3":2,"4":2,"5":2,"6":2,"7":2,"8":1,"9":2,"10":2,"11":1,"12":1,"13":1,"14":1,"15":2,"16":2,"17":2,"18":2,"19":1,"20":1,"21":2,"22":2,"23":2,"24":1,"25":1,"26":1,"27":1,"28":1,"29":1,"30":1,"31":1,"32":1,"33":1,"34":1,"35":1,"36":1,"37":1,"38":1,"39":2,"40":2,"41":1,"42":2,"43":2,"44":1,"45":2,"46":2,"47":1,"48":2,"49":2,"50":1,"51":1,"52":1,"53":1,"54":1},"b":{"1":[2,1,1,1],"2":[1,1,1,1],"3":[1,1],"4":[1,1],"5":[1,1],"6":[1,1],"7":[1,1],"8":[1,1],"9":[1,1],"10":[1,1,1],"11":[1,1],"12":[1,1],"13":[1,1],"14":[1,1],"15":[1,1],"16":[1,1],"17":[1,1]},"f":{"1":2,"2":2,"3":2,"4":2,"5":2,"6":1,"7":1,"8":1,"9":2,"10":2,"11":2,"12":2,"13":1},"fnMap":{"1":{"name":"(anonymous_1)","line":12,"loc":{"start":{"line":12,"column":1},"end":{"line":12,"column":13}}},"2":{"name":"(anonymous_2)","line":19,"loc":{"start":{"line":19,"column":5},"end":{"line":19,"column":17}}},"3":{"name":"(anonymous_3)","line":23,"loc":{"start":{"line":23,"column":24},"end":{"line":23,"column":36}}},"4":{"name":"(anonymous_4)","line":61,"loc":{"start":{"line":61,"column":5},"end":{"line":61,"column":17}}},"5":{"name":"(anonymous_5)","line":82,"loc":{"start":{"line":82,"column":5},"end":{"line":82,"column":17}}},"6":{"name":"(anonymous_6)","line":91,"loc":{"start":{"line":91,"column":77},"end":{"line":94,"column":10}}},"7":{"name":"(anonymous_7)","line":112,"loc":{"start":{"line":112,"column":83},"end":{"line":115,"column":10}},"skip":true},"8":{"name":"(anonymous_8)","line":123,"loc":{"start":{"line":123,"column":77},"end":{"line":126,"column":10}},"skip":true},"9":{"name":"(anonymous_9)","line":139,"loc":{"start":{"line":139,"column":12},"end":{"line":139,"column":40}},"skip":true},"10":{"name":"(anonymous_10)","line":147,"loc":{"start":{"line":147,"column":77},"end":{"line":150,"column":10}},"skip":true},"11":{"name":"(anonymous_11)","line":158,"loc":{"start":{"line":158,"column":83},"end":{"line":161,"column":10}},"skip":true},"12":{"name":"(anonymous_12)","line":169,"loc":{"start":{"line":169,"column":79},"end":{"line":172,"column":10}},"skip":true},"13":{"name":"(anonymous_13)","line":180,"loc":{"start":{"line":180,"column":75},"end":{"line":183,"column":10}},"skip":true}},"statementMap":{"1":{"start":{"line":12,"column":0},"end":{"line":195,"column":5}},"2":{"start":{"line":14,"column":4},"end":{"line":14,"column":14}},"3":{"start":{"line":19,"column":4},"end":{"line":56,"column":9}},"4":{"start":{"line":21,"column":8},"end":{"line":21,"column":19}},"5":{"start":{"line":23,"column":8},"end":{"line":35,"column":13}},"6":{"start":{"line":24,"column":12},"end":{"line":34,"column":13}},"7":{"start":{"line":25,"column":16},"end":{"line":28,"column":30}},"8":{"start":{"line":30,"column":16},"end":{"line":33,"column":27}},"9":{"start":{"line":37,"column":8},"end":{"line":39,"column":21}},"10":{"start":{"line":40,"column":8},"end":{"line":53,"column":9}},"11":{"start":{"line":43,"column":12},"end":{"line":46,"column":14}},"12":{"start":{"line":47,"column":12},"end":{"line":47,"column":18}},"13":{"start":{"line":50,"column":12},"end":{"line":51,"column":46}},"14":{"start":{"line":52,"column":12},"end":{"line":52,"column":18}},"15":{"start":{"line":55,"column":8},"end":{"line":55,"column":35}},"16":{"start":{"line":61,"column":4},"end":{"line":63,"column":9}},"17":{"start":{"line":62,"column":8},"end":{"line":62,"column":15}},"18":{"start":{"line":64,"column":4},"end":{"line":77,"column":5}},"19":{"start":{"line":70,"column":8},"end":{"line":70,"column":14}},"20":{"start":{"line":76,"column":8},"end":{"line":76,"column":14}},"21":{"start":{"line":82,"column":4},"end":{"line":84,"column":9}},"22":{"start":{"line":83,"column":8},"end":{"line":83,"column":15}},"23":{"start":{"line":85,"column":4},"end":{"line":194,"column":5}},"24":{"start":{"line":91,"column":8},"end":{"line":99,"column":10}},"25":{"start":{"line":98,"column":12},"end":{"line":98,"column":35}},"26":{"start":{"line":102,"column":8},"end":{"line":104,"column":63}},"27":{"start":{"line":105,"column":8},"end":{"line":105,"column":14}},"28":{"start":{"line":112,"column":8},"end":{"line":121,"column":10},"skip":true},"29":{"start":{"line":119,"column":12},"end":{"line":119,"column":55},"skip":true},"30":{"start":{"line":120,"column":12},"end":{"line":120,"column":48},"skip":true},"31":{"start":{"line":123,"column":8},"end":{"line":136,"column":10},"skip":true},"32":{"start":{"line":130,"column":12},"end":{"line":130,"column":76},"skip":true},"33":{"start":{"line":131,"column":12},"end":{"line":131,"column":73},"skip":true},"34":{"start":{"line":132,"column":12},"end":{"line":132,"column":74},"skip":true},"35":{"start":{"line":133,"column":12},"end":{"line":133,"column":79},"skip":true},"36":{"start":{"line":134,"column":12},"end":{"line":134,"column":25},"skip":true},"37":{"start":{"line":135,"column":12},"end":{"line":135,"column":45},"skip":true},"38":{"start":{"line":138,"column":8},"end":{"line":145,"column":14},"skip":true},"39":{"start":{"line":143,"column":16},"end":{"line":143,"column":29},"skip":true},"40":{"start":{"line":144,"column":16},"end":{"line":144,"column":55},"skip":true},"41":{"start":{"line":147,"column":8},"end":{"line":156,"column":10},"skip":true},"42":{"start":{"line":154,"column":12},"end":{"line":154,"column":25},"skip":true},"43":{"start":{"line":155,"column":12},"end":{"line":155,"column":45},"skip":true},"44":{"start":{"line":158,"column":8},"end":{"line":167,"column":10},"skip":true},"45":{"start":{"line":165,"column":12},"end":{"line":165,"column":25},"skip":true},"46":{"start":{"line":166,"column":12},"end":{"line":166,"column":48},"skip":true},"47":{"start":{"line":169,"column":8},"end":{"line":178,"column":10},"skip":true},"48":{"start":{"line":176,"column":12},"end":{"line":176,"column":25},"skip":true},"49":{"start":{"line":177,"column":12},"end":{"line":177,"column":46},"skip":true},"50":{"start":{"line":180,"column":8},"end":{"line":189,"column":10},"skip":true},"51":{"start":{"line":187,"column":12},"end":{"line":187,"column":94},"skip":true},"52":{"start":{"line":188,"column":12},"end":{"line":188,"column":48},"skip":true},"53":{"start":{"line":192,"column":8},"end":{"line":192,"column":35},"skip":true},"54":{"start":{"line":193,"column":8},"end":{"line":193,"column":14},"skip":true}},"branchMap":{"1":{"line":25,"type":"binary-expr","locations":[{"start":{"line":25,"column":23},"end":{"line":25,"column":62}},{"start":{"line":26,"column":20},"end":{"line":26,"column":70}},{"start":{"line":27,"column":20},"end":{"line":27,"column":71}},{"start":{"line":28,"column":20},"end":{"line":28,"column":29}}]},"2":{"line":30,"type":"binary-expr","locations":[{"start":{"line":30,"column":23},"end":{"line":30,"column":37}},{"start":{"line":31,"column":20},"end":{"line":31,"column":61}},{"start":{"line":32,"column":20},"end":{"line":32,"column":70}},{"start":{"line":33,"column":20},"end":{"line":33,"column":26}}]},"3":{"line":37,"type":"cond-expr","locations":[{"start":{"line":38,"column":14},"end":{"line":38,"column":20}},{"start":{"line":39,"column":14},"end":{"line":39,"column":20}}]},"4":{"line":40,"type":"switch","locations":[{"start":{"line":42,"column":8},"end":{"line":47,"column":18}},{"start":{"line":49,"column":8},"end":{"line":52,"column":18}}]},"5":{"line":44,"type":"binary-expr","locations":[{"start":{"line":44,"column":16},"end":{"line":44,"column":44}},{"start":{"line":44,"column":48},"end":{"line":44,"column":66}}]},"6":{"line":50,"type":"binary-expr","locations":[{"start":{"line":50,"column":21},"end":{"line":50,"column":49}},{"start":{"line":50,"column":53},"end":{"line":50,"column":72}}]},"7":{"line":64,"type":"switch","locations":[{"start":{"line":69,"column":4},"end":{"line":70,"column":14}},{"start":{"line":75,"column":4},"end":{"line":76,"column":14}}]},"8":{"line":85,"type":"switch","locations":[{"start":{"line":90,"column":4},"end":{"line":105,"column":14}},{"start":{"line":111,"column":4},"end":{"line":193,"column":14},"skip":true}]},"9":{"line":91,"type":"binary-expr","locations":[{"start":{"line":91,"column":42},"end":{"line":91,"column":73}},{"start":{"line":91,"column":77},"end":{"line":99,"column":9}}]},"10":{"line":102,"type":"binary-expr","locations":[{"start":{"line":102,"column":18},"end":{"line":102,"column":32}},{"start":{"line":103,"column":12},"end":{"line":103,"column":53}},{"start":{"line":104,"column":12},"end":{"line":104,"column":61}}]},"11":{"line":112,"type":"binary-expr","locations":[{"start":{"line":112,"column":45},"end":{"line":112,"column":79},"skip":true},{"start":{"line":112,"column":83},"end":{"line":121,"column":9},"skip":true}]},"12":{"line":123,"type":"binary-expr","locations":[{"start":{"line":123,"column":42},"end":{"line":123,"column":73},"skip":true},{"start":{"line":123,"column":77},"end":{"line":136,"column":9},"skip":true}]},"13":{"line":138,"type":"binary-expr","locations":[{"start":{"line":138,"column":48},"end":{"line":138,"column":85},"skip":true},{"start":{"line":139,"column":12},"end":{"line":145,"column":13},"skip":true}]},"14":{"line":147,"type":"binary-expr","locations":[{"start":{"line":147,"column":42},"end":{"line":147,"column":73},"skip":true},{"start":{"line":147,"column":77},"end":{"line":156,"column":9},"skip":true}]},"15":{"line":158,"type":"binary-expr","locations":[{"start":{"line":158,"column":45},"end":{"line":158,"column":79},"skip":true},{"start":{"line":158,"column":83},"end":{"line":167,"column":9},"skip":true}]},"16":{"line":169,"type":"binary-expr","locations":[{"start":{"line":169,"column":43},"end":{"line":169,"column":75},"skip":true},{"start":{"line":169,"column":79},"end":{"line":178,"column":9},"skip":true}]},"17":{"line":180,"type":"binary-expr","locations":[{"start":{"line":180,"column":41},"end":{"line":180,"column":71},"skip":true},{"start":{"line":180,"column":75},"end":{"line":189,"column":9},"skip":true}]}},"code":["/* istanbul instrument in package npmtest_zeroclipboard */","/*jslint","    bitwise: true,","    browser: true,","    maxerr: 8,","    maxlen: 96,","    node: true,","    nomen: true,","    regexp: true,","    stupid: true","*/","(function () {","    'use strict';","    var local;","","","","    // run shared js-env code - pre-init","    (function () {","        // init local","        local = {};","        // init modeJs","        local.modeJs = (function () {","            try {","                return typeof navigator.userAgent === 'string' &&","                    typeof document.querySelector('body') === 'object' &&","                    typeof XMLHttpRequest.prototype.open === 'function' &&","                    'browser';","            } catch (errorCaughtBrowser) {","                return module.exports &&","                    typeof process.versions.node === 'string' &&","                    typeof require('http').createServer === 'function' &&","                    'node';","            }","        }());","        // init global","        local.global = local.modeJs === 'browser'","            ? window","            : global;","        switch (local.modeJs) {","        // re-init local from window.local","        case 'browser':","            local = local.global.utility2.objectSetDefault(","                local.global.utility2_rollup || local.global.local,","                local.global.utility2","            );","            break;","        // re-init local from example.js","        case 'node':","            local = (local.global.utility2_rollup || require('utility2'))","                .requireExampleJsFromReadme();","            break;","        }","        // export local","        local.global.local = local;","    }());","","","","    // run shared js-env code - function","    (function () {","        return;","    }());","    switch (local.modeJs) {","","","","    // run browser js-env code - function","    case 'browser':","        break;","","","","    // run node js-env code - function","    case 'node':","        break;","    }","","","","    // run shared js-env code - post-init","    (function () {","        return;","    }());","    switch (local.modeJs) {","","","","    // run browser js-env code - post-init","    case 'browser':","        local.testCase_browser_nullCase = local.testCase_browser_nullCase || function (","            options,","            onError","        ) {","        /*","         * this function will test browsers's null-case handling-behavior-behavior","         */","            onError(null, options);","        };","","        // run tests","        local.nop(local.modeTest &&","            document.querySelector('#testRunButton1') &&","            document.querySelector('#testRunButton1').click());","        break;","","","","    // run node js-env code - post-init","    /* istanbul ignore next */","    case 'node':","        local.testCase_buildApidoc_default = local.testCase_buildApidoc_default || function (","            options,","            onError","        ) {","        /*","         * this function will test buildApidoc's default handling-behavior-behavior","         */","            options = { modulePathList: module.paths };","            local.buildApidoc(options, onError);","        };","","        local.testCase_buildApp_default = local.testCase_buildApp_default || function (","            options,","            onError","        ) {","        /*","         * this function will test buildApp's default handling-behavior-behavior","         */","            local.testCase_buildReadme_default(options, local.onErrorThrow);","            local.testCase_buildLib_default(options, local.onErrorThrow);","            local.testCase_buildTest_default(options, local.onErrorThrow);","            local.testCase_buildCustomOrg_default(options, local.onErrorThrow);","            options = [];","            local.buildApp(options, onError);","        };","","        local.testCase_buildCustomOrg_default = local.testCase_buildCustomOrg_default ||","            function (options, onError) {","            /*","             * this function will test buildCustomOrg's default handling-behavior","             */","                options = {};","                local.buildCustomOrg(options, onError);","            };","","        local.testCase_buildLib_default = local.testCase_buildLib_default || function (","            options,","            onError","        ) {","        /*","         * this function will test buildLib's default handling-behavior","         */","            options = {};","            local.buildLib(options, onError);","        };","","        local.testCase_buildReadme_default = local.testCase_buildReadme_default || function (","            options,","            onError","        ) {","        /*","         * this function will test buildReadme's default handling-behavior-behavior","         */","            options = {};","            local.buildReadme(options, onError);","        };","","        local.testCase_buildTest_default = local.testCase_buildTest_default || function (","            options,","            onError","        ) {","        /*","         * this function will test buildTest's default handling-behavior","         */","            options = {};","            local.buildTest(options, onError);","        };","","        local.testCase_webpage_default = local.testCase_webpage_default || function (","            options,","            onError","        ) {","        /*","         * this function will test webpage's default handling-behavior","         */","            options = { modeCoverageMerge: true, url: local.serverLocalHost + '?modeTest=1' };","            local.browserTest(options, onError);","        };","","        // run test-server","        local.testRunServer(local);","        break;","    }","}());",""],"l":{"12":2,"14":2,"19":2,"21":2,"23":2,"24":2,"25":2,"30":1,"37":2,"40":2,"43":1,"47":1,"50":1,"52":1,"55":2,"61":2,"62":2,"64":2,"70":1,"76":1,"82":2,"83":2,"85":2,"91":1,"98":1,"102":1,"105":1,"112":1,"119":1,"120":1,"123":1,"130":1,"131":1,"132":1,"133":1,"134":1,"135":1,"138":1,"143":2,"144":2,"147":1,"154":2,"155":2,"158":1,"165":2,"166":2,"169":1,"176":2,"177":2,"180":1,"187":1,"188":1,"192":1,"193":1}},"/home/travis/build/npmtest/node-npmtest-zeroclipboard/lib.npmtest_zeroclipboard.js":{"path":"/home/travis/build/npmtest/node-npmtest-zeroclipboard/lib.npmtest_zeroclipboard.js","s":{"1":2,"2":2,"3":2,"4":2,"5":2,"6":2,"7":2,"8":1,"9":2,"10":2,"11":2,"12":2,"13":1,"14":1,"15":1,"16":1},"b":{"1":[2,1,1,1],"2":[1,1,1,1],"3":[1,1],"4":[2,2],"5":[1,1]},"f":{"1":2,"2":2,"3":2},"fnMap":{"1":{"name":"(anonymous_1)","line":12,"loc":{"start":{"line":12,"column":1},"end":{"line":12,"column":13}}},"2":{"name":"(anonymous_2)","line":19,"loc":{"start":{"line":19,"column":5},"end":{"line":19,"column":17}}},"3":{"name":"(anonymous_3)","line":23,"loc":{"start":{"line":23,"column":24},"end":{"line":23,"column":36}}}},"statementMap":{"1":{"start":{"line":12,"column":0},"end":{"line":53,"column":5}},"2":{"start":{"line":14,"column":4},"end":{"line":14,"column":14}},"3":{"start":{"line":19,"column":4},"end":{"line":52,"column":9}},"4":{"start":{"line":21,"column":8},"end":{"line":21,"column":19}},"5":{"start":{"line":23,"column":8},"end":{"line":35,"column":13}},"6":{"start":{"line":24,"column":12},"end":{"line":34,"column":13}},"7":{"start":{"line":25,"column":16},"end":{"line":28,"column":30}},"8":{"start":{"line":30,"column":16},"end":{"line":33,"column":27}},"9":{"start":{"line":37,"column":8},"end":{"line":39,"column":21}},"10":{"start":{"line":41,"column":8},"end":{"line":41,"column":54}},"11":{"start":{"line":43,"column":8},"end":{"line":43,"column":58}},"12":{"start":{"line":45,"column":8},"end":{"line":51,"column":9}},"13":{"start":{"line":46,"column":12},"end":{"line":46,"column":64}},"14":{"start":{"line":48,"column":12},"end":{"line":48,"column":35}},"15":{"start":{"line":49,"column":12},"end":{"line":49,"column":49}},"16":{"start":{"line":50,"column":12},"end":{"line":50,"column":43}}},"branchMap":{"1":{"line":25,"type":"binary-expr","locations":[{"start":{"line":25,"column":23},"end":{"line":25,"column":62}},{"start":{"line":26,"column":20},"end":{"line":26,"column":70}},{"start":{"line":27,"column":20},"end":{"line":27,"column":71}},{"start":{"line":28,"column":20},"end":{"line":28,"column":29}}]},"2":{"line":30,"type":"binary-expr","locations":[{"start":{"line":30,"column":23},"end":{"line":30,"column":37}},{"start":{"line":31,"column":20},"end":{"line":31,"column":61}},{"start":{"line":32,"column":20},"end":{"line":32,"column":70}},{"start":{"line":33,"column":20},"end":{"line":33,"column":26}}]},"3":{"line":37,"type":"cond-expr","locations":[{"start":{"line":38,"column":14},"end":{"line":38,"column":20}},{"start":{"line":39,"column":14},"end":{"line":39,"column":20}}]},"4":{"line":41,"type":"binary-expr","locations":[{"start":{"line":41,"column":16},"end":{"line":41,"column":44}},{"start":{"line":41,"column":48},"end":{"line":41,"column":53}}]},"5":{"line":45,"type":"if","locations":[{"start":{"line":45,"column":8},"end":{"line":45,"column":8}},{"start":{"line":45,"column":8},"end":{"line":45,"column":8}}]}},"code":["/* istanbul instrument in package npmtest_zeroclipboard */","/*jslint","    bitwise: true,","    browser: true,","    maxerr: 8,","    maxlen: 96,","    node: true,","    nomen: true,","    regexp: true,","    stupid: true","*/","(function () {","    'use strict';","    var local;","","","","    // run shared js-env code - pre-init","    (function () {","        // init local","        local = {};","        // init modeJs","        local.modeJs = (function () {","            try {","                return typeof navigator.userAgent === 'string' &&","                    typeof document.querySelector('body') === 'object' &&","                    typeof XMLHttpRequest.prototype.open === 'function' &&","                    'browser';","            } catch (errorCaughtBrowser) {","                return module.exports &&","                    typeof process.versions.node === 'string' &&","                    typeof require('http').createServer === 'function' &&","                    'node';","            }","        }());","        // init global","        local.global = local.modeJs === 'browser'","            ? window","            : global;","        // init utility2_rollup","        local = local.global.utility2_rollup || local;","        // init lib","        local.local = local.npmtest_zeroclipboard = local;","        // init exports","        if (local.modeJs === 'browser') {","            local.global.utility2_npmtest_zeroclipboard = local;","        } else {","            module.exports = local;","            module.exports.__dirname = __dirname;","            module.exports.module = module;","        }","    }());","}());",""],"l":{"12":2,"14":2,"19":2,"21":2,"23":2,"24":2,"25":2,"30":1,"37":2,"41":2,"43":2,"45":2,"46":1,"48":1,"49":1,"50":1}},"/home/travis/build/npmtest/node-npmtest-zeroclipboard/example.js":{"path":"/home/travis/build/npmtest/node-npmtest-zeroclipboard/example.js","s":{"1":2,"2":2,"3":2,"4":2,"5":2,"6":2,"7":2,"8":1,"9":2,"10":2,"11":2,"12":2,"13":1,"14":2,"15":2,"16":2,"17":2,"18":2,"19":0,"20":2,"21":1,"22":1,"23":1,"24":1,"25":1,"26":0,"27":0,"28":1,"29":1,"30":2,"31":0,"32":0,"33":0,"34":1,"35":2,"36":2,"37":3,"38":3,"39":3,"40":3,"41":0,"42":3,"43":3,"44":3,"45":1,"46":3,"47":1,"48":1,"49":1,"50":1,"51":1,"52":1,"53":1,"54":1,"55":1,"56":1,"57":0,"58":1,"59":6,"60":6,"61":1,"62":2,"63":0,"64":2,"65":1,"66":1,"67":0,"68":0,"69":0,"70":0,"71":0,"72":0,"73":0,"74":0,"75":0,"76":0,"77":0,"78":0,"79":0,"80":0,"81":0,"82":0,"83":0},"b":{"1":[2,1,1,1],"2":[1,1,1,1],"3":[1,1],"4":[2,2],"5":[1,1],"6":[1,1],"7":[2,0],"8":[2,1,1,1,1,1],"9":[0,2,0],"10":[1,1],"11":[2,1,1],"12":[1,0],"13":[0,2],"14":[2,0,0,0,0,0,0],"15":[0,3],"16":[3,0],"17":[1,1],"18":[0,1],"19":[1,2,0,2],"20":[1,0],"21":[1,1],"22":[0,0],"23":[0,0],"24":[0,0],"25":[0,0],"26":[0,0],"27":[0,0],"28":[0,0]},"f":{"1":2,"2":2,"3":2,"4":2,"5":2,"6":2,"7":3,"8":3,"9":3,"10":1,"11":6,"12":0},"fnMap":{"1":{"name":"(anonymous_1)","line":26,"loc":{"start":{"line":26,"column":1},"end":{"line":26,"column":13}}},"2":{"name":"(anonymous_2)","line":33,"loc":{"start":{"line":33,"column":5},"end":{"line":33,"column":17}}},"3":{"name":"(anonymous_3)","line":37,"loc":{"start":{"line":37,"column":24},"end":{"line":37,"column":36}}},"4":{"name":"(anonymous_4)","line":69,"loc":{"start":{"line":69,"column":31},"end":{"line":69,"column":48}},"skip":true},"5":{"name":"(anonymous_5)","line":78,"loc":{"start":{"line":78,"column":26},"end":{"line":78,"column":45}},"skip":true},"6":{"name":"(anonymous_6)","line":123,"loc":{"start":{"line":123,"column":33},"end":{"line":123,"column":48}},"skip":true},"7":{"name":"(anonymous_7)","line":125,"loc":{"start":{"line":125,"column":27},"end":{"line":125,"column":39}},"skip":true},"8":{"name":"(anonymous_8)","line":133,"loc":{"start":{"line":133,"column":59},"end":{"line":133,"column":74}},"skip":true},"9":{"name":"(anonymous_9)","line":143,"loc":{"start":{"line":143,"column":45},"end":{"line":143,"column":62}},"skip":true},"10":{"name":"(anonymous_10)","line":144,"loc":{"start":{"line":144,"column":73},"end":{"line":144,"column":92}},"skip":true},"11":{"name":"(anonymous_11)","line":272,"loc":{"start":{"line":272,"column":51},"end":{"line":272,"column":77}},"skip":true},"12":{"name":"(anonymous_12)","line":315,"loc":{"start":{"line":315,"column":32},"end":{"line":315,"column":61}},"skip":true}},"statementMap":{"1":{"start":{"line":26,"column":0},"end":{"line":326,"column":5}},"2":{"start":{"line":28,"column":4},"end":{"line":28,"column":14}},"3":{"start":{"line":33,"column":4},"end":{"line":60,"column":9}},"4":{"start":{"line":35,"column":8},"end":{"line":35,"column":19}},"5":{"start":{"line":37,"column":8},"end":{"line":49,"column":13}},"6":{"start":{"line":38,"column":12},"end":{"line":48,"column":13}},"7":{"start":{"line":39,"column":16},"end":{"line":42,"column":30}},"8":{"start":{"line":44,"column":16},"end":{"line":47,"column":27}},"9":{"start":{"line":51,"column":8},"end":{"line":53,"column":21}},"10":{"start":{"line":55,"column":8},"end":{"line":57,"column":45}},"11":{"start":{"line":59,"column":8},"end":{"line":59,"column":35}},"12":{"start":{"line":61,"column":4},"end":{"line":325,"column":5}},"13":{"start":{"line":69,"column":8},"end":{"line":121,"column":10},"skip":true},"14":{"start":{"line":70,"column":12},"end":{"line":88,"column":13},"skip":true},"15":{"start":{"line":76,"column":16},"end":{"line":87,"column":19},"skip":true},"16":{"start":{"line":79,"column":20},"end":{"line":86,"column":21},"skip":true},"17":{"start":{"line":82,"column":24},"end":{"line":82,"column":43},"skip":true},"18":{"start":{"line":83,"column":24},"end":{"line":83,"column":30},"skip":true},"19":{"start":{"line":85,"column":24},"end":{"line":85,"column":49},"skip":true},"20":{"start":{"line":89,"column":12},"end":{"line":107,"column":13},"skip":true},"21":{"start":{"line":92,"column":16},"end":{"line":102,"column":17},"skip":true},"22":{"start":{"line":93,"column":20},"end":{"line":93,"column":86},"skip":true},"23":{"start":{"line":94,"column":20},"end":{"line":95,"column":45},"skip":true},"24":{"start":{"line":96,"column":20},"end":{"line":96,"column":42},"skip":true},"25":{"start":{"line":97,"column":20},"end":{"line":97,"column":48},"skip":true},"26":{"start":{"line":100,"column":20},"end":{"line":100,"column":85},"skip":true},"27":{"start":{"line":101,"column":20},"end":{"line":101,"column":96},"skip":true},"28":{"start":{"line":103,"column":16},"end":{"line":103,"column":22},"skip":true},"29":{"start":{"line":106,"column":16},"end":{"line":106,"column":22},"skip":true},"30":{"start":{"line":108,"column":12},"end":{"line":120,"column":13},"skip":true},"31":{"start":{"line":114,"column":16},"end":{"line":119,"column":17},"skip":true},"32":{"start":{"line":116,"column":20},"end":{"line":116,"column":78},"skip":true},"33":{"start":{"line":118,"column":20},"end":{"line":118,"column":47},"skip":true},"34":{"start":{"line":123,"column":8},"end":{"line":141,"column":11},"skip":true},"35":{"start":{"line":124,"column":12},"end":{"line":124,"column":54},"skip":true},"36":{"start":{"line":125,"column":12},"end":{"line":140,"column":14},"skip":true},"37":{"start":{"line":126,"column":16},"end":{"line":126,"column":28},"skip":true},"38":{"start":{"line":127,"column":16},"end":{"line":127,"column":69},"skip":true},"39":{"start":{"line":128,"column":16},"end":{"line":128,"column":75},"skip":true},"40":{"start":{"line":129,"column":16},"end":{"line":131,"column":17},"skip":true},"41":{"start":{"line":130,"column":20},"end":{"line":130,"column":27},"skip":true},"42":{"start":{"line":133,"column":16},"end":{"line":137,"column":36},"skip":true},"43":{"start":{"line":134,"column":20},"end":{"line":136,"column":55},"skip":true},"44":{"start":{"line":139,"column":16},"end":{"line":139,"column":57},"skip":true},"45":{"start":{"line":143,"column":8},"end":{"line":147,"column":11},"skip":true},"46":{"start":{"line":144,"column":12},"end":{"line":146,"column":15},"skip":true},"47":{"start":{"line":145,"column":16},"end":{"line":145,"column":70},"skip":true},"48":{"start":{"line":149,"column":8},"end":{"line":149,"column":31},"skip":true},"49":{"start":{"line":150,"column":8},"end":{"line":150,"column":14},"skip":true},"50":{"start":{"line":158,"column":8},"end":{"line":158,"column":31},"skip":true},"51":{"start":{"line":160,"column":8},"end":{"line":160,"column":33},"skip":true},"52":{"start":{"line":161,"column":8},"end":{"line":161,"column":37},"skip":true},"53":{"start":{"line":162,"column":8},"end":{"line":162,"column":35},"skip":true},"54":{"start":{"line":164,"column":8},"end":{"line":164,"column":50},"skip":true},"55":{"start":{"line":166,"column":8},"end":{"line":256,"column":2},"skip":true},"56":{"start":{"line":258,"column":8},"end":{"line":286,"column":9},"skip":true},"57":{"start":{"line":259,"column":12},"end":{"line":269,"column":14},"skip":true},"58":{"start":{"line":271,"column":12},"end":{"line":285,"column":19},"skip":true},"59":{"start":{"line":274,"column":20},"end":{"line":274,"column":35},"skip":true},"60":{"start":{"line":275,"column":20},"end":{"line":284,"column":21},"skip":true},"61":{"start":{"line":277,"column":24},"end":{"line":277,"column":64},"skip":true},"62":{"start":{"line":279,"column":24},"end":{"line":279,"column":40},"skip":true},"63":{"start":{"line":281,"column":24},"end":{"line":281,"column":40},"skip":true},"64":{"start":{"line":283,"column":24},"end":{"line":283,"column":39},"skip":true},"65":{"start":{"line":288,"column":8},"end":{"line":290,"column":9},"skip":true},"66":{"start":{"line":289,"column":12},"end":{"line":289,"column":18},"skip":true},"67":{"start":{"line":291,"column":8},"end":{"line":293,"column":54},"skip":true},"68":{"start":{"line":296,"column":8},"end":{"line":301,"column":37},"skip":true},"69":{"start":{"line":303,"column":8},"end":{"line":303,"column":82},"skip":true},"70":{"start":{"line":306,"column":8},"end":{"line":308,"column":9},"skip":true},"71":{"start":{"line":307,"column":12},"end":{"line":307,"column":82},"skip":true},"72":{"start":{"line":310,"column":8},"end":{"line":312,"column":9},"skip":true},"73":{"start":{"line":311,"column":12},"end":{"line":311,"column":18},"skip":true},"74":{"start":{"line":313,"column":8},"end":{"line":313,"column":54},"skip":true},"75":{"start":{"line":314,"column":8},"end":{"line":314,"column":69},"skip":true},"76":{"start":{"line":315,"column":8},"end":{"line":323,"column":36},"skip":true},"77":{"start":{"line":316,"column":12},"end":{"line":316,"column":61},"skip":true},"78":{"start":{"line":317,"column":12},"end":{"line":320,"column":13},"skip":true},"79":{"start":{"line":318,"column":16},"end":{"line":318,"column":75},"skip":true},"80":{"start":{"line":319,"column":16},"end":{"line":319,"column":23},"skip":true},"81":{"start":{"line":321,"column":12},"end":{"line":321,"column":38},"skip":true},"82":{"start":{"line":322,"column":12},"end":{"line":322,"column":27},"skip":true},"83":{"start":{"line":324,"column":8},"end":{"line":324,"column":14},"skip":true}},"branchMap":{"1":{"line":39,"type":"binary-expr","locations":[{"start":{"line":39,"column":23},"end":{"line":39,"column":62}},{"start":{"line":40,"column":20},"end":{"line":40,"column":70}},{"start":{"line":41,"column":20},"end":{"line":41,"column":71}},{"start":{"line":42,"column":20},"end":{"line":42,"column":29}}]},"2":{"line":44,"type":"binary-expr","locations":[{"start":{"line":44,"column":23},"end":{"line":44,"column":37}},{"start":{"line":45,"column":20},"end":{"line":45,"column":61}},{"start":{"line":46,"column":20},"end":{"line":46,"column":70}},{"start":{"line":47,"column":20},"end":{"line":47,"column":26}}]},"3":{"line":51,"type":"cond-expr","locations":[{"start":{"line":52,"column":14},"end":{"line":52,"column":20}},{"start":{"line":53,"column":14},"end":{"line":53,"column":20}}]},"4":{"line":55,"type":"binary-expr","locations":[{"start":{"line":55,"column":16},"end":{"line":55,"column":44}},{"start":{"line":55,"column":49},"end":{"line":57,"column":43}}]},"5":{"line":55,"type":"cond-expr","locations":[{"start":{"line":56,"column":14},"end":{"line":56,"column":57}},{"start":{"line":57,"column":14},"end":{"line":57,"column":43}}]},"6":{"line":61,"type":"switch","locations":[{"start":{"line":68,"column":4},"end":{"line":150,"column":14},"skip":true},{"start":{"line":156,"column":4},"end":{"line":324,"column":14},"skip":true}]},"7":{"line":70,"type":"if","locations":[{"start":{"line":70,"column":12},"end":{"line":70,"column":12},"skip":true},{"start":{"line":70,"column":12},"end":{"line":70,"column":12},"skip":true}]},"8":{"line":70,"type":"binary-expr","locations":[{"start":{"line":70,"column":16},"end":{"line":70,"column":22},"skip":true},{"start":{"line":70,"column":27},"end":{"line":70,"column":32},"skip":true},{"start":{"line":71,"column":20},"end":{"line":71,"column":39},"skip":true},{"start":{"line":72,"column":20},"end":{"line":72,"column":49},"skip":true},{"start":{"line":73,"column":20},"end":{"line":73,"column":58},"skip":true},{"start":{"line":74,"column":20},"end":{"line":74,"column":69},"skip":true}]},"9":{"line":79,"type":"switch","locations":[{"start":{"line":80,"column":20},"end":{"line":80,"column":33},"skip":true},{"start":{"line":81,"column":20},"end":{"line":83,"column":30},"skip":true},{"start":{"line":84,"column":20},"end":{"line":85,"column":49},"skip":true}]},"10":{"line":89,"type":"switch","locations":[{"start":{"line":90,"column":12},"end":{"line":103,"column":22},"skip":true},{"start":{"line":105,"column":12},"end":{"line":106,"column":22},"skip":true}]},"11":{"line":89,"type":"binary-expr","locations":[{"start":{"line":89,"column":20},"end":{"line":89,"column":25},"skip":true},{"start":{"line":89,"column":29},"end":{"line":89,"column":48},"skip":true},{"start":{"line":89,"column":52},"end":{"line":89,"column":74},"skip":true}]},"12":{"line":92,"type":"if","locations":[{"start":{"line":92,"column":16},"end":{"line":92,"column":16},"skip":true},{"start":{"line":92,"column":16},"end":{"line":92,"column":16},"skip":true}]},"13":{"line":108,"type":"if","locations":[{"start":{"line":108,"column":12},"end":{"line":108,"column":12},"skip":true},{"start":{"line":108,"column":12},"end":{"line":108,"column":12},"skip":true}]},"14":{"line":108,"type":"binary-expr","locations":[{"start":{"line":108,"column":16},"end":{"line":108,"column":61},"skip":true},{"start":{"line":108,"column":66},"end":{"line":108,"column":72},"skip":true},{"start":{"line":108,"column":77},"end":{"line":108,"column":82},"skip":true},{"start":{"line":109,"column":20},"end":{"line":109,"column":39},"skip":true},{"start":{"line":110,"column":20},"end":{"line":110,"column":49},"skip":true},{"start":{"line":111,"column":20},"end":{"line":111,"column":58},"skip":true},{"start":{"line":112,"column":20},"end":{"line":112,"column":68},"skip":true}]},"15":{"line":129,"type":"if","locations":[{"start":{"line":129,"column":16},"end":{"line":129,"column":16},"skip":true},{"start":{"line":129,"column":16},"end":{"line":129,"column":16},"skip":true}]},"16":{"line":134,"type":"cond-expr","locations":[{"start":{"line":135,"column":26},"end":{"line":135,"column":29},"skip":true},{"start":{"line":136,"column":26},"end":{"line":136,"column":54},"skip":true}]},"17":{"line":164,"type":"binary-expr","locations":[{"start":{"line":164,"column":27},"end":{"line":164,"column":43},"skip":true},{"start":{"line":164,"column":47},"end":{"line":164,"column":49},"skip":true}]},"18":{"line":258,"type":"if","locations":[{"start":{"line":258,"column":8},"end":{"line":258,"column":8},"skip":true},{"start":{"line":258,"column":8},"end":{"line":258,"column":8},"skip":true}]},"19":{"line":275,"type":"switch","locations":[{"start":{"line":276,"column":20},"end":{"line":277,"column":64},"skip":true},{"start":{"line":278,"column":20},"end":{"line":279,"column":40},"skip":true},{"start":{"line":280,"column":20},"end":{"line":281,"column":40},"skip":true},{"start":{"line":282,"column":20},"end":{"line":283,"column":39},"skip":true}]},"20":{"line":288,"type":"if","locations":[{"start":{"line":288,"column":8},"end":{"line":288,"column":8},"skip":true},{"start":{"line":288,"column":8},"end":{"line":288,"column":8},"skip":true}]},"21":{"line":288,"type":"binary-expr","locations":[{"start":{"line":288,"column":12},"end":{"line":288,"column":40},"skip":true},{"start":{"line":288,"column":44},"end":{"line":288,"column":67},"skip":true}]},"22":{"line":292,"type":"binary-expr","locations":[{"start":{"line":292,"column":12},"end":{"line":292,"column":50},"skip":true},{"start":{"line":293,"column":12},"end":{"line":293,"column":53},"skip":true}]},"23":{"line":297,"type":"binary-expr","locations":[{"start":{"line":297,"column":12},"end":{"line":297,"column":71},"skip":true},{"start":{"line":298,"column":12},"end":{"line":301,"column":36},"skip":true}]},"24":{"line":303,"type":"binary-expr","locations":[{"start":{"line":303,"column":43},"end":{"line":303,"column":75},"skip":true},{"start":{"line":303,"column":79},"end":{"line":303,"column":81},"skip":true}]},"25":{"line":306,"type":"if","locations":[{"start":{"line":306,"column":8},"end":{"line":306,"column":8},"skip":true},{"start":{"line":306,"column":8},"end":{"line":306,"column":8},"skip":true}]},"26":{"line":310,"type":"if","locations":[{"start":{"line":310,"column":8},"end":{"line":310,"column":8},"skip":true},{"start":{"line":310,"column":8},"end":{"line":310,"column":8},"skip":true}]},"27":{"line":313,"type":"binary-expr","locations":[{"start":{"line":313,"column":27},"end":{"line":313,"column":43},"skip":true},{"start":{"line":313,"column":47},"end":{"line":313,"column":53},"skip":true}]},"28":{"line":317,"type":"if","locations":[{"start":{"line":317,"column":12},"end":{"line":317,"column":12},"skip":true},{"start":{"line":317,"column":12},"end":{"line":317,"column":12},"skip":true}]}},"code":["/*","example.js","","quickstart example","","instruction","    1. save this script as example.js","    2. run the shell command:","        $ npm install npmtest-zeroclipboard && PORT=8081 node example.js","    3. play with the browser-demo on http://127.0.0.1:8081","*/","","","","/* istanbul instrument in package npmtest_zeroclipboard */","/*jslint","    bitwise: true,","    browser: true,","    maxerr: 8,","    maxlen: 96,","    node: true,","    nomen: true,","    regexp: true,","    stupid: true","*/","(function () {","    'use strict';","    var local;","","","","    // run shared js-env code - pre-init","    (function () {","        // init local","        local = {};","        // init modeJs","        local.modeJs = (function () {","            try {","                return typeof navigator.userAgent === 'string' &&","                    typeof document.querySelector('body') === 'object' &&","                    typeof XMLHttpRequest.prototype.open === 'function' &&","                    'browser';","            } catch (errorCaughtBrowser) {","                return module.exports &&","                    typeof process.versions.node === 'string' &&","                    typeof require('http').createServer === 'function' &&","                    'node';","            }","        }());","        // init global","        local.global = local.modeJs === 'browser'","            ? window","            : global;","        // init utility2_rollup","        local = local.global.utility2_rollup || (local.modeJs === 'browser'","            ? local.global.utility2_npmtest_zeroclipboard","            : global.utility2_moduleExports);","        // export local","        local.global.local = local;","    }());","    switch (local.modeJs) {","","","","    // post-init","    // run browser js-env code - post-init","    /* istanbul ignore next */","    case 'browser':","        local.testRunBrowser = function (event) {","            if (!event || (event &&","                    event.currentTarget &&","                    event.currentTarget.className &&","                    event.currentTarget.className.includes &&","                    event.currentTarget.className.includes('onreset'))) {","                // reset output","                Array.from(","                    document.querySelectorAll('body > .resettable')","                ).forEach(function (element) {","                    switch (element.tagName) {","                    case 'INPUT':","                    case 'TEXTAREA':","                        element.value = '';","                        break;","                    default:","                        element.textContent = '';","                    }","                });","            }","            switch (event && event.currentTarget && event.currentTarget.id) {","            case 'testRunButton1':","                // show tests","                if (document.querySelector('#testReportDiv1').style.display === 'none') {","                    document.querySelector('#testReportDiv1').style.display = 'block';","                    document.querySelector('#testRunButton1').textContent =","                        'hide internal test';","                    local.modeTest = true;","                    local.testRunDefault(local);","                // hide tests","                } else {","                    document.querySelector('#testReportDiv1').style.display = 'none';","                    document.querySelector('#testRunButton1').textContent = 'run internal test';","                }","                break;","            // custom-case","            default:","                break;","            }","            if (document.querySelector('#inputTextareaEval1') && (!event || (event &&","                    event.currentTarget &&","                    event.currentTarget.className &&","                    event.currentTarget.className.includes &&","                    event.currentTarget.className.includes('oneval')))) {","                // try to eval input-code","                try {","                    /*jslint evil: true*/","                    eval(document.querySelector('#inputTextareaEval1').value);","                } catch (errorCaught) {","                    console.error(errorCaught);","                }","            }","        };","        // log stderr and stdout to #outputTextareaStdout1","        ['error', 'log'].forEach(function (key) {","            console[key + '_original'] = console[key];","            console[key] = function () {","                var element;","                console[key + '_original'].apply(console, arguments);","                element = document.querySelector('#outputTextareaStdout1');","                if (!element) {","                    return;","                }","                // append text to #outputTextareaStdout1","                element.value += Array.from(arguments).map(function (arg) {","                    return typeof arg === 'string'","                        ? arg","                        : JSON.stringify(arg, null, 4);","                }).join(' ') + '\\n';","                // scroll textarea to bottom","                element.scrollTop = element.scrollHeight;","            };","        });","        // init event-handling","        ['change', 'click', 'keyup'].forEach(function (event) {","            Array.from(document.querySelectorAll('.on' + event)).forEach(function (element) {","                element.addEventListener(event, local.testRunBrowser);","            });","        });","        // run tests","        local.testRunBrowser();","        break;","","","","    // run node js-env code - post-init","    /* istanbul ignore next */","    case 'node':","        // export local","        module.exports = local;","        // require modules","        local.fs = require('fs');","        local.http = require('http');","        local.url = require('url');","        // init assets","        local.assetsDict = local.assetsDict || {};","        /* jslint-ignore-begin */","        local.assetsDict['/assets.index.template.html'] = '\\","<!doctype html>\\n\\","<html lang=\"en\">\\n\\","<head>\\n\\","<meta charset=\"UTF-8\">\\n\\","<meta name=\"viewport\" content=\"width=device-width, initial-scale=1\">\\n\\","<title>{{env.npm_package_name}} (v{{env.npm_package_version}})</title>\\n\\","<style>\\n\\","/*csslint\\n\\","    box-sizing: false,\\n\\","    universal-selector: false\\n\\","*/\\n\\","* {\\n\\","    box-sizing: border-box;\\n\\","}\\n\\","body {\\n\\","    background: #dde;\\n\\","    font-family: Arial, Helvetica, sans-serif;\\n\\","    margin: 2rem;\\n\\","}\\n\\","body > * {\\n\\","    margin-bottom: 1rem;\\n\\","}\\n\\",".utility2FooterDiv {\\n\\","    margin-top: 20px;\\n\\","    text-align: center;\\n\\","}\\n\\","</style>\\n\\","<style>\\n\\","/*csslint\\n\\","*/\\n\\","textarea {\\n\\","    font-family: monospace;\\n\\","    height: 10rem;\\n\\","    width: 100%;\\n\\","}\\n\\","textarea[readonly] {\\n\\","    background: #ddd;\\n\\","}\\n\\","</style>\\n\\","</head>\\n\\","<body>\\n\\","<!-- utility2-comment\\n\\","<div id=\"ajaxProgressDiv1\" style=\"background: #d00; height: 2px; left: 0; margin: 0; padding: 0; position: fixed; top: 0; transition: background 0.5s, width 1.5s; width: 25%;\"></div>\\n\\","utility2-comment -->\\n\\","<h1>\\n\\","<!-- utility2-comment\\n\\","    <a\\n\\","        {{#if env.npm_package_homepage}}\\n\\","        href=\"{{env.npm_package_homepage}}\"\\n\\","        {{/if env.npm_package_homepage}}\\n\\","        target=\"_blank\"\\n\\","    >\\n\\","utility2-comment -->\\n\\","        {{env.npm_package_name}} (v{{env.npm_package_version}})\\n\\","<!-- utility2-comment\\n\\","    </a>\\n\\","utility2-comment -->\\n\\","</h1>\\n\\","<h3>{{env.npm_package_description}}</h3>\\n\\","<!-- utility2-comment\\n\\","<h4><a download href=\"assets.app.js\">download standalone app</a></h4>\\n\\","<button class=\"onclick onreset\" id=\"testRunButton1\">run internal test</button><br>\\n\\","<div id=\"testReportDiv1\" style=\"display: none;\"></div>\\n\\","utility2-comment -->\\n\\","\\n\\","\\n\\","\\n\\","<label>stderr and stdout</label>\\n\\","<textarea class=\"resettable\" id=\"outputTextareaStdout1\" readonly></textarea>\\n\\","<!-- utility2-comment\\n\\","{{#if isRollup}}\\n\\","<script src=\"assets.app.js\"></script>\\n\\","{{#unless isRollup}}\\n\\","utility2-comment -->\\n\\","<script src=\"assets.utility2.rollup.js\"></script>\\n\\","<script src=\"jsonp.utility2._stateInit?callback=window.utility2._stateInit\"></script>\\n\\","<script src=\"assets.npmtest_zeroclipboard.rollup.js\"></script>\\n\\","<script src=\"assets.example.js\"></script>\\n\\","<script src=\"assets.test.js\"></script>\\n\\","<!-- utility2-comment\\n\\","{{/if isRollup}}\\n\\","utility2-comment -->\\n\\","<div class=\"utility2FooterDiv\">\\n\\","    [ this app was created with\\n\\","    <a href=\"https://github.com/kaizhu256/node-utility2\" target=\"_blank\">utility2</a>\\n\\","    ]\\n\\","</div>\\n\\","</body>\\n\\","</html>\\n\\","';","        /* jslint-ignore-end */","        if (local.templateRender) {","            local.assetsDict['/'] = local.templateRender(","                local.assetsDict['/assets.index.template.html'],","                {","                    env: local.objectSetDefault(local.env, {","                        npm_package_description: 'the greatest app in the world!',","                        npm_package_name: 'my-app',","                        npm_package_nameAlias: 'my_app',","                        npm_package_version: '0.0.1'","                    })","                }","            );","        } else {","            local.assetsDict['/'] = local.assetsDict['/assets.index.template.html']","                .replace((/\\{\\{env\\.(\\w+?)\\}\\}/g), function (match0, match1) {","                    // jslint-hack","                    String(match0);","                    switch (match1) {","                    case 'npm_package_description':","                        return 'the greatest app in the world!';","                    case 'npm_package_name':","                        return 'my-app';","                    case 'npm_package_nameAlias':","                        return 'my_app';","                    case 'npm_package_version':","                        return '0.0.1';","                    }","                });","        }","        // run the cli","        if (local.global.utility2_rollup || module !== require.main) {","            break;","        }","        local.assetsDict['/assets.example.js'] =","            local.assetsDict['/assets.example.js'] ||","            local.fs.readFileSync(__filename, 'utf8');","        // bug-workaround - long $npm_package_buildCustomOrg","        /* jslint-ignore-begin */","        local.assetsDict['/assets.npmtest_zeroclipboard.rollup.js'] =","            local.assetsDict['/assets.npmtest_zeroclipboard.rollup.js'] ||","            local.fs.readFileSync(","                local.npmtest_zeroclipboard.__dirname + '/lib.npmtest_zeroclipboard.js',","                'utf8'","            ).replace((/^#!/), '//');","        /* jslint-ignore-end */","        local.assetsDict['/favicon.ico'] = local.assetsDict['/favicon.ico'] || '';","        // if $npm_config_timeout_exit exists,","        // then exit this process after $npm_config_timeout_exit ms","        if (Number(process.env.npm_config_timeout_exit)) {","            setTimeout(process.exit, Number(process.env.npm_config_timeout_exit));","        }","        // start server","        if (local.global.utility2_serverHttp1) {","            break;","        }","        process.env.PORT = process.env.PORT || '8081';","        console.error('server starting on port ' + process.env.PORT);","        local.http.createServer(function (request, response) {","            request.urlParsed = local.url.parse(request.url);","            if (local.assetsDict[request.urlParsed.pathname] !== undefined) {","                response.end(local.assetsDict[request.urlParsed.pathname]);","                return;","            }","            response.statusCode = 404;","            response.end();","        }).listen(process.env.PORT);","        break;","    }","}());",""],"l":{"26":2,"28":2,"33":2,"35":2,"37":2,"38":2,"39":2,"44":1,"51":2,"55":2,"59":2,"61":2,"69":1,"70":2,"76":2,"79":2,"82":2,"83":2,"85":1,"89":2,"92":1,"93":1,"94":1,"96":1,"97":1,"100":1,"101":1,"103":1,"106":1,"108":2,"114":1,"116":1,"118":1,"123":1,"124":2,"125":2,"126":3,"127":3,"128":3,"129":3,"130":1,"133":3,"134":3,"139":3,"143":1,"144":3,"145":1,"149":1,"150":1,"158":1,"160":1,"161":1,"162":1,"164":1,"166":1,"258":1,"259":1,"271":1,"274":6,"275":6,"277":1,"279":2,"281":1,"283":2,"288":1,"289":1,"291":1,"296":1,"303":1,"306":1,"307":1,"310":1,"311":1,"313":1,"314":1,"315":1,"316":1,"317":1,"318":1,"319":1,"321":1,"322":1,"324":1}},"/home/travis/build/npmtest/node-npmtest-zeroclipboard/node_modules/zeroclipboard/dist/ZeroClipboard.js":{"path":"/home/travis/build/npmtest/node-npmtest-zeroclipboard/node_modules/zeroclipboard/dist/ZeroClipboard.js","s":{"1":2,"2":2,"3":2,"4":0,"5":2,"6":0,"7":0,"8":0,"9":0,"10":0,"11":2,"12":2,"13":0,"14":2,"15":0,"16":0,"17":0,"18":0,"19":0,"20":0,"21":0,"22":0,"23":0,"24":0,"25":2,"26":0,"27":0,"28":0,"29":0,"30":0,"31":0,"32":0,"33":0,"34":0,"35":0,"36":0,"37":0,"38":0,"39":2,"40":0,"41":0,"42":0,"43":0,"44":0,"45":2,"46":0,"47":0,"48":0,"49":0,"50":0,"51":2,"52":0,"53":0,"54":0,"55":0,"56":0,"57":2,"58":0,"59":0,"60":0,"61":0,"62":0,"63":0,"64":2,"65":0,"66":0,"67":0,"68":0,"69":0,"70":2,"71":0,"72":0,"73":0,"74":0,"75":0,"76":0,"77":0,"78":0,"79":0,"80":2,"81":0,"82":0,"83":0,"84":0,"85":0,"86":0,"87":0,"88":2,"89":0,"90":0,"91":0,"92":0,"93":0,"94":0,"95":0,"96":0,"97":0,"98":0,"99":0,"100":0,"101":0,"102":0,"103":0,"104":2,"105":0,"106":0,"107":0,"108":0,"109":0,"110":0,"111":0,"112":0,"113":0,"114":0,"115":0,"116":0,"117":2,"118":0,"119":0,"120":2,"121":0,"122":0,"123":2,"124":2,"125":2,"126":0,"127":0,"128":0,"129":0,"130":0,"131":0,"132":0,"133":0,"134":0,"135":0,"136":0,"137":0,"138":0,"139":0,"140":0,"141":0,"142":0,"143":0,"144":0,"145":0,"146":0,"147":0,"148":0,"149":0,"150":0,"151":0,"152":0,"153":0,"154":0,"155":0,"156":0,"157":0,"158":0,"159":0,"160":0,"161":0,"162":0,"163":0,"164":0,"165":0,"166":0,"167":0,"168":0,"169":0,"170":0,"171":0,"172":0,"173":0,"174":0,"175":0,"176":0,"177":0,"178":0,"179":0,"180":0,"181":0,"182":0,"183":0,"184":0,"185":0,"186":0,"187":0,"188":0,"189":0,"190":0,"191":0,"192":0,"193":0,"194":0,"195":0,"196":0,"197":0,"198":0,"199":0,"200":0,"201":0,"202":0,"203":0,"204":0,"205":0,"206":0,"207":0,"208":0,"209":0,"210":0,"211":0,"212":0,"213":0,"214":0,"215":0,"216":0,"217":0,"218":0,"219":0,"220":0,"221":0,"222":0,"223":0,"224":0,"225":0,"226":0,"227":0,"228":0,"229":0,"230":0,"231":0,"232":0,"233":0,"234":0,"235":0,"236":0,"237":0,"238":0,"239":0,"240":0,"241":0,"242":0,"243":0,"244":0,"245":0,"246":0,"247":0,"248":0,"249":0,"250":0,"251":0,"252":0,"253":0,"254":0,"255":0,"256":0,"257":0,"258":0,"259":0,"260":0,"261":0,"262":0,"263":0,"264":0,"265":0,"266":0,"267":0,"268":0,"269":0,"270":0,"271":0,"272":0,"273":0,"274":0,"275":0,"276":0,"277":0,"278":0,"279":0,"280":0,"281":0,"282":0,"283":0,"284":0,"285":0,"286":0,"287":0,"288":0,"289":0,"290":0,"291":0,"292":0,"293":0,"294":0,"295":0,"296":0,"297":0,"298":0,"299":0,"300":0,"301":0,"302":0,"303":0,"304":0,"305":0,"306":0,"307":0,"308":0,"309":0,"310":0,"311":0,"312":0,"313":0,"314":0,"315":0,"316":0,"317":0,"318":0,"319":0,"320":0,"321":0,"322":0,"323":0,"324":0,"325":0,"326":0,"327":0,"328":0,"329":0,"330":0,"331":0,"332":0,"333":0,"334":0,"335":0,"336":0,"337":0,"338":0,"339":0,"340":0,"341":0,"342":0,"343":0,"344":0,"345":0,"346":0,"347":0,"348":0,"349":0,"350":0,"351":0,"352":0,"353":0,"354":0,"355":0,"356":0,"357":0,"358":0,"359":0,"360":0,"361":0,"362":0,"363":0,"364":0,"365":0,"366":0,"367":0,"368":0,"369":0,"370":0,"371":0,"372":0,"373":0,"374":0,"375":0,"376":0,"377":0,"378":0,"379":0,"380":0,"381":0,"382":0,"383":0,"384":0,"385":0,"386":0,"387":0,"388":0,"389":0,"390":0,"391":0,"392":0,"393":0,"394":0,"395":0,"396":0,"397":0,"398":0,"399":0,"400":0,"401":0,"402":0,"403":0,"404":0,"405":0,"406":0,"407":0,"408":0,"409":0,"410":0,"411":0,"412":0,"413":0,"414":0,"415":0,"416":0,"417":0,"418":0,"419":0,"420":0,"421":0,"422":0,"423":0,"424":0,"425":0,"426":0,"427":0,"428":0,"429":0,"430":0,"431":0,"432":0,"433":0,"434":0,"435":0,"436":0,"437":0,"438":0,"439":0,"440":0,"441":0,"442":0,"443":0,"444":0,"445":0,"446":0,"447":0,"448":0,"449":0,"450":0,"451":0,"452":0,"453":0,"454":0,"455":0,"456":0,"457":0,"458":0,"459":0,"460":0,"461":0,"462":0,"463":0,"464":0,"465":0,"466":0,"467":0,"468":0,"469":0,"470":0,"471":0,"472":0,"473":0,"474":0,"475":0,"476":0,"477":0,"478":0,"479":0,"480":0,"481":0,"482":0,"483":0,"484":0,"485":0,"486":0,"487":0,"488":0,"489":0,"490":0,"491":0,"492":0,"493":0,"494":0,"495":0,"496":0,"497":0,"498":0,"499":0,"500":0,"501":0,"502":0,"503":0,"504":0,"505":0,"506":0,"507":0,"508":0,"509":0,"510":0,"511":0,"512":0,"513":0,"514":0,"515":0,"516":0,"517":0,"518":0,"519":0,"520":0,"521":0,"522":0,"523":0,"524":0,"525":0,"526":0,"527":0,"528":0,"529":0,"530":0,"531":0,"532":0,"533":0,"534":0,"535":0,"536":0,"537":0,"538":0,"539":0,"540":0,"541":0,"542":0,"543":0,"544":0,"545":0,"546":0,"547":0,"548":0,"549":0,"550":0,"551":0,"552":0,"553":0,"554":0,"555":0,"556":0,"557":0,"558":0,"559":0,"560":0,"561":0,"562":0,"563":0,"564":0,"565":0,"566":0,"567":0,"568":0,"569":0,"570":0,"571":0,"572":0,"573":0,"574":0,"575":0,"576":0,"577":0,"578":0,"579":0,"580":0,"581":0,"582":0,"583":0,"584":0,"585":0,"586":0,"587":0,"588":0,"589":0,"590":0,"591":0,"592":0,"593":0,"594":0,"595":0,"596":0,"597":0,"598":0,"599":0,"600":0,"601":0,"602":0,"603":0,"604":0,"605":0,"606":0,"607":0,"608":0,"609":0,"610":0,"611":0,"612":0,"613":0,"614":0,"615":0,"616":0,"617":0,"618":0,"619":0,"620":0,"621":0,"622":0,"623":0,"624":0,"625":0,"626":0,"627":0,"628":0,"629":0,"630":0,"631":0,"632":0,"633":0,"634":0,"635":0,"636":0,"637":0,"638":0,"639":0,"640":0,"641":0,"642":0,"643":0,"644":0,"645":0,"646":0,"647":0,"648":0,"649":0,"650":0,"651":0,"652":0,"653":0,"654":0,"655":0,"656":0,"657":0,"658":0,"659":0,"660":0,"661":0,"662":0,"663":0,"664":0,"665":0,"666":0,"667":0,"668":0,"669":0,"670":0,"671":0,"672":0,"673":0,"674":0,"675":0,"676":0,"677":0,"678":0,"679":0,"680":0,"681":0,"682":0,"683":0,"684":0,"685":0,"686":0,"687":0,"688":0,"689":0,"690":0,"691":0,"692":0,"693":0,"694":0,"695":0,"696":0,"697":0,"698":0,"699":0,"700":0,"701":0,"702":0,"703":0,"704":0,"705":0,"706":0,"707":0,"708":0,"709":0,"710":0,"711":0,"712":0,"713":0,"714":0,"715":0,"716":0,"717":0,"718":0,"719":0,"720":0,"721":0,"722":0,"723":0,"724":0,"725":0,"726":0,"727":0,"728":0,"729":0,"730":0,"731":0,"732":0,"733":0,"734":0,"735":0,"736":0,"737":0,"738":0,"739":0,"740":0,"741":0,"742":0,"743":0,"744":0,"745":0,"746":0,"747":0,"748":0,"749":0,"750":0,"751":0,"752":0,"753":0,"754":0,"755":0,"756":0,"757":0,"758":0,"759":0,"760":0,"761":0,"762":0,"763":0,"764":0,"765":0,"766":0,"767":0,"768":0,"769":0,"770":0,"771":0,"772":0,"773":0,"774":0,"775":0,"776":0,"777":0,"778":0,"779":0,"780":0,"781":0,"782":0,"783":0,"784":0,"785":0,"786":0,"787":0,"788":0,"789":0,"790":0,"791":0,"792":0,"793":0,"794":0,"795":0,"796":0,"797":0,"798":0,"799":0,"800":0,"801":0,"802":0,"803":0,"804":0,"805":0,"806":0,"807":0,"808":0,"809":0,"810":0,"811":0,"812":0,"813":0,"814":0,"815":0,"816":0,"817":0,"818":0,"819":0,"820":0,"821":0,"822":0,"823":0,"824":0,"825":0,"826":0,"827":0,"828":0,"829":0,"830":0,"831":0,"832":0,"833":0,"834":0,"835":0,"836":0,"837":0,"838":0,"839":0,"840":0,"841":0,"842":0,"843":0,"844":1,"845":0,"846":0,"847":0,"848":1,"849":0,"850":1,"851":0,"852":0,"853":0,"854":0,"855":0,"856":0,"857":0,"858":0,"859":0,"860":0,"861":0,"862":0,"863":0,"864":0,"865":0,"866":0,"867":0,"868":0,"869":0,"870":0,"871":0,"872":0,"873":0,"874":0,"875":0,"876":0,"877":0,"878":0,"879":0,"880":0,"881":0,"882":0,"883":0,"884":0,"885":0,"886":0,"887":0,"888":0,"889":0,"890":0,"891":0,"892":0,"893":0,"894":0,"895":0,"896":0,"897":0,"898":0,"899":0,"900":0,"901":0,"902":0,"903":0,"904":0,"905":0,"906":0,"907":0,"908":0,"909":0,"910":0,"911":0,"912":0,"913":0,"914":0,"915":0,"916":0,"917":0,"918":0,"919":0,"920":0,"921":0,"922":0,"923":0,"924":0,"925":0,"926":0,"927":0,"928":0,"929":0,"930":0,"931":0,"932":0,"933":0,"934":0,"935":0,"936":0,"937":0,"938":0,"939":0,"940":0,"941":0,"942":0,"943":0,"944":0,"945":0,"946":0,"947":0,"948":0,"949":0,"950":0,"951":0,"952":0,"953":0,"954":0,"955":0,"956":0,"957":0,"958":0,"959":0,"960":0,"961":0,"962":0,"963":0,"964":0,"965":0,"966":0,"967":0,"968":0,"969":0,"970":0,"971":0,"972":0,"973":0,"974":0,"975":0,"976":0,"977":0,"978":0,"979":0,"980":0,"981":0,"982":0,"983":0,"984":0,"985":0,"986":0,"987":0,"988":0,"989":0,"990":0,"991":0,"992":0,"993":0,"994":0,"995":0,"996":0,"997":0,"998":0,"999":0,"1000":0,"1001":0,"1002":0,"1003":0,"1004":0,"1005":0,"1006":0,"1007":0,"1008":0,"1009":0,"1010":0,"1011":0,"1012":0,"1013":0,"1014":0,"1015":0,"1016":0,"1017":0,"1018":0,"1019":0,"1020":0,"1021":0,"1022":0,"1023":0,"1024":0,"1025":0,"1026":0,"1027":0,"1028":0,"1029":0,"1030":0,"1031":0,"1032":0,"1033":0,"1034":0,"1035":0,"1036":0,"1037":0,"1038":0,"1039":0,"1040":0,"1041":0,"1042":0,"1043":0,"1044":0,"1045":0,"1046":0,"1047":0,"1048":0,"1049":0,"1050":0,"1051":0,"1052":0,"1053":0,"1054":0,"1055":0,"1056":0,"1057":0,"1058":0,"1059":0,"1060":0,"1061":0,"1062":0,"1063":0,"1064":0,"1065":0,"1066":0,"1067":0,"1068":0,"1069":0,"1070":0,"1071":0,"1072":0,"1073":0,"1074":0,"1075":0,"1076":0,"1077":0,"1078":0,"1079":0,"1080":0,"1081":0,"1082":0,"1083":0,"1084":0,"1085":0,"1086":0,"1087":0,"1088":0,"1089":0,"1090":0,"1091":0,"1092":0,"1093":0,"1094":0,"1095":0,"1096":0,"1097":0,"1098":0,"1099":0,"1100":0,"1101":0,"1102":0,"1103":0,"1104":0,"1105":0,"1106":0,"1107":0,"1108":0,"1109":0,"1110":0,"1111":0,"1112":0,"1113":0,"1114":0,"1115":0,"1116":0,"1117":0,"1118":0,"1119":0,"1120":0,"1121":0,"1122":0,"1123":0,"1124":0,"1125":0,"1126":0,"1127":0,"1128":0,"1129":0,"1130":0,"1131":0,"1132":0,"1133":0,"1134":0,"1135":0,"1136":0,"1137":0,"1138":0,"1139":0,"1140":0,"1141":0,"1142":0,"1143":0,"1144":0,"1145":0,"1146":0,"1147":0,"1148":0,"1149":0,"1150":0,"1151":0,"1152":0,"1153":0,"1154":0,"1155":0,"1156":0,"1157":0,"1158":0,"1159":0,"1160":0,"1161":0,"1162":0,"1163":0,"1164":0,"1165":0,"1166":0,"1167":0,"1168":0,"1169":0,"1170":0,"1171":0,"1172":0,"1173":0,"1174":0,"1175":0,"1176":0,"1177":0,"1178":0,"1179":0,"1180":0,"1181":0,"1182":0,"1183":0,"1184":0,"1185":0,"1186":0,"1187":0,"1188":0,"1189":0,"1190":2},"b":{"1":[2,0],"2":[2,0],"3":[2,0],"4":[0,2],"5":[2,0],"6":[0,0],"7":[0,0,0],"8":[0,0],"9":[0,0],"10":[0,0],"11":[0,0],"12":[0,0],"13":[0,0],"14":[0,0,0],"15":[0,0],"16":[0,0],"17":[0,0],"18":[0,0],"19":[0,0],"20":[0,0],"21":[0,0],"22":[0,0],"23":[0,0,0,0,0,0,0,0,0,0],"24":[0,0],"25":[0,0],"26":[0,0],"27":[0,0],"28":[0,0],"29":[0,0],"30":[0,0],"31":[0,0],"32":[0,0],"33":[0,0],"34":[0,0,0],"35":[0,0],"36":[0,0],"37":[0,0],"38":[0,0],"39":[0,0],"40":[0,0],"41":[0,0],"42":[0,0],"43":[0,0],"44":[0,0],"45":[0,0],"46":[0,0],"47":[0,0],"48":[0,0],"49":[0,0],"50":[0,0,0],"51":[0,0,0,0],"52":[0,0],"53":[0,0],"54":[0,0],"55":[2,2,0,2,0],"56":[0,0],"57":[0,0],"58":[0,0,0],"59":[0,0],"60":[0,0],"61":[0,0],"62":[0,0],"63":[0,0],"64":[0,0],"65":[0,0],"66":[0,0],"67":[0,0,0],"68":[0,0,0,0,0,0],"69":[0,0],"70":[0,0],"71":[0,0],"72":[0,0,0,0],"73":[0,0],"74":[0,0],"75":[0,0,0],"76":[0,0],"77":[0,0],"78":[0,0],"79":[0,0],"80":[0,0],"81":[0,0],"82":[0,0],"83":[0,0],"84":[0,0],"85":[0,0],"86":[0,0],"87":[0,0],"88":[0,0,0,0],"89":[0,0],"90":[0,0],"91":[0,0],"92":[0,0],"93":[0,0],"94":[0,0],"95":[0,0],"96":[0,0],"97":[0,0],"98":[0,0],"99":[0,0],"100":[0,0],"101":[0,0],"102":[0,0],"103":[0,0],"104":[0,0],"105":[0,0],"106":[0,0],"107":[0,0],"108":[0,0],"109":[0,0],"110":[0,0],"111":[0,0],"112":[0,0],"113":[0,0],"114":[0,0],"115":[0,0],"116":[0,0],"117":[0,0],"118":[0,0],"119":[0,0],"120":[0,0,0],"121":[0,0],"122":[0,0],"123":[0,0],"124":[0,0,0,0,0],"125":[0,0],"126":[0,0],"127":[0,0],"128":[0,0],"129":[0,0],"130":[0,0],"131":[0,0],"132":[0,0],"133":[0,0],"134":[0,0],"135":[0,0],"136":[0,0],"137":[0,0],"138":[0,0],"139":[0,0],"140":[0,0],"141":[0,0],"142":[0,0],"143":[0,0,0],"144":[0,0],"145":[0,0],"146":[0,0],"147":[0,0,0,0],"148":[0,0],"149":[0,0],"150":[0,0,0,0],"151":[0,0,0],"152":[0,0],"153":[0,0,0],"154":[0,0,0],"155":[0,0],"156":[0,0,0],"157":[0,0],"158":[0,0],"159":[0,0],"160":[0,0],"161":[0,0],"162":[0,0],"163":[0,0],"164":[0,0],"165":[0,0],"166":[0,0],"167":[0,0,0],"168":[0,0],"169":[0,0],"170":[0,0],"171":[0,0],"172":[0,0],"173":[0,0],"174":[0,0],"175":[0,0,0],"176":[0,0,0],"177":[0,0],"178":[0,0],"179":[0,0],"180":[0,0],"181":[0,0,0,0],"182":[0,0],"183":[0,0],"184":[0,0,0],"185":[0,0],"186":[0,0],"187":[0,0],"188":[0,0],"189":[0,0],"190":[0,0],"191":[0,0],"192":[0,0,0],"193":[0,0],"194":[0,0],"195":[0,0,0,0,0],"196":[0,0,0],"197":[0,0,0,0,0,0,0,0,0,0,0],"198":[0,0],"199":[0,0],"200":[0,0],"201":[0,0],"202":[0,0],"203":[0,0],"204":[0,0,0,0],"205":[0,0],"206":[0,0,0],"207":[0,0,0],"208":[0,0],"209":[0,0],"210":[0,0,0],"211":[0,0],"212":[0,0,0],"213":[0,0],"214":[0,0],"215":[0,0],"216":[0,0,0],"217":[0,0],"218":[0,0],"219":[0,0],"220":[0,0,0],"221":[0,0],"222":[0,0],"223":[0,0],"224":[0,0],"225":[0,0],"226":[0,0],"227":[0,0],"228":[0,0],"229":[0,0],"230":[0,0],"231":[0,0],"232":[0,0],"233":[0,0,0],"234":[0,0],"235":[0,0,0],"236":[0,0],"237":[0,0],"238":[0,0],"239":[0,0],"240":[0,0],"241":[0,0],"242":[0,0],"243":[0,0],"244":[0,0],"245":[0,0],"246":[0,0],"247":[0,0],"248":[0,0],"249":[0,0,0],"250":[0,0],"251":[0,0],"252":[0,0],"253":[0,0,0,0,0,0],"254":[0,0],"255":[0,0],"256":[0,0],"257":[0,0],"258":[0,0],"259":[0,0],"260":[0,0],"261":[0,0],"262":[0,0],"263":[0,0],"264":[0,0],"265":[0,0],"266":[0,0],"267":[0,0],"268":[0,0],"269":[0,0],"270":[0,0],"271":[0,0],"272":[0,0],"273":[0,0],"274":[0,0],"275":[0,0],"276":[0,0],"277":[0,0],"278":[0,0,0,0],"279":[0,0,0,0,0,0,0,0,0,0,0,0,0,0,0],"280":[0,0],"281":[0,0,0,0],"282":[0,0],"283":[0,0],"284":[0,0],"285":[0,0],"286":[0,0],"287":[0,0],"288":[0,0,0],"289":[0,0,0],"290":[0,0],"291":[0,0],"292":[0,0],"293":[0,0],"294":[0,0],"295":[0,0],"296":[0,0],"297":[0,0],"298":[0,0],"299":[0,0,0],"300":[0,0],"301":[0,0],"302":[0,0],"303":[0,0],"304":[0,0],"305":[0,0],"306":[0,0],"307":[0,0],"308":[0,0],"309":[0,0],"310":[0,0],"311":[0,0],"312":[0,0],"313":[0,0],"314":[0,0],"315":[0,0],"316":[0,0],"317":[0,0],"318":[0,0],"319":[0,0],"320":[0,0],"321":[0,0],"322":[0,0],"323":[0,0,0],"324":[0,0],"325":[0,0],"326":[0,0],"327":[0,0],"328":[0,0],"329":[0,0],"330":[0,0],"331":[0,0],"332":[0,0],"333":[0,0],"334":[0,0],"335":[0,0],"336":[0,0],"337":[0,0],"338":[0,0,0],"339":[0,0],"340":[0,0],"341":[0,0],"342":[0,0],"343":[0,0],"344":[0,0],"345":[0,0,0],"346":[0,0],"347":[0,0],"348":[0,0],"349":[0,0],"350":[0,0],"351":[0,0],"352":[0,0],"353":[0,0],"354":[0,0],"355":[0,0],"356":[0,0],"357":[0,0],"358":[0,0],"359":[0,0],"360":[0,0],"361":[0,0],"362":[0,0,0,0],"363":[0,0],"364":[0,0,0,0,0,0,0,0,0,0,0,0],"365":[0,0],"366":[0,0],"367":[0,0],"368":[0,0],"369":[0,0],"370":[0,0],"371":[0,0],"372":[0,0],"373":[0,0],"374":[0,0],"375":[0,0],"376":[0,0],"377":[0,0],"378":[0,0],"379":[0,0],"380":[0,0],"381":[0,0],"382":[0,0],"383":[0,0,0],"384":[0,0],"385":[0,0],"386":[0,0,0,0],"387":[0,0],"388":[0,0],"389":[0,0,0,0],"390":[0,0],"391":[0,0],"392":[0,0],"393":[0,0],"394":[0,0],"395":[0,0],"396":[0,0],"397":[0,0],"398":[0,0],"399":[0,0],"400":[0,0],"401":[0,0],"402":[0,0],"403":[0,0],"404":[0,0],"405":[0,0],"406":[0,0],"407":[0,0],"408":[0,0],"409":[0,0],"410":[0,0],"411":[0,0],"412":[0,0],"413":[0,0],"414":[0,0],"415":[0,0,0,0],"416":[0,0],"417":[0,0],"418":[0,0,0],"419":[0,0],"420":[0,0],"421":[0,0],"422":[0,0],"423":[0,0],"424":[0,0],"425":[0,0],"426":[0,0],"427":[0,0],"428":[0,0],"429":[0,0],"430":[0,0],"431":[0,0],"432":[0,0,0,0],"433":[0,0],"434":[0,0],"435":[0,0],"436":[0,0],"437":[0,0],"438":[0,0],"439":[0,0],"440":[0,0],"441":[0,0],"442":[0,0],"443":[0,0],"444":[0,0],"445":[0,0],"446":[0,0,0,0],"447":[0,0],"448":[0,0],"449":[0,0,0],"450":[0,0],"451":[0,0],"452":[0,0],"453":[0,0],"454":[0,0],"455":[0,0],"456":[0,0],"457":[0,0],"458":[0,0,0],"459":[0,0],"460":[0,0],"461":[0,0],"462":[0,0],"463":[0,0],"464":[0,0],"465":[0,0],"466":[0,0],"467":[0,0],"468":[0,0],"469":[0,0],"470":[0,0],"471":[0,0,0],"472":[0,0,0],"473":[0,0],"474":[0,0],"475":[0,0],"476":[0,0,0],"477":[0,0],"478":[0,0,0,0],"479":[0,0,0],"480":[0,0,0],"481":[0,0],"482":[0,0],"483":[0,0],"484":[0,0],"485":[0,0],"486":[0,0,0],"487":[0,0],"488":[0,0],"489":[0,0],"490":[0,0],"491":[0,0],"492":[0,0],"493":[0,0],"494":[0,0],"495":[0,0],"496":[0,0],"497":[0,0],"498":[0,0],"499":[0,0],"500":[0,0],"501":[0,0],"502":[0,0],"503":[0,0],"504":[0,0],"505":[0,0],"506":[0,0],"507":[0,0],"508":[0,0],"509":[0,0],"510":[0,0],"511":[0,0,0,0],"512":[2,0]},"f":{"1":2,"2":2,"3":0,"4":0,"5":0,"6":0,"7":0,"8":0,"9":0,"10":0,"11":0,"12":0,"13":0,"14":0,"15":0,"16":0,"17":0,"18":2,"19":0,"20":0,"21":0,"22":0,"23":0,"24":0,"25":0,"26":0,"27":0,"28":0,"29":0,"30":0,"31":0,"32":0,"33":0,"34":0,"35":0,"36":0,"37":0,"38":0,"39":0,"40":0,"41":0,"42":0,"43":0,"44":0,"45":0,"46":0,"47":0,"48":0,"49":0,"50":0,"51":0,"52":0,"53":0,"54":0,"55":0,"56":0,"57":0,"58":0,"59":0,"60":0,"61":0,"62":0,"63":0,"64":0,"65":0,"66":0,"67":0,"68":0,"69":0,"70":0,"71":0,"72":0,"73":0,"74":0,"75":0,"76":0,"77":0,"78":0,"79":0,"80":0,"81":0,"82":0,"83":0,"84":0,"85":0,"86":0,"87":0,"88":0,"89":0,"90":0,"91":0,"92":0,"93":0,"94":0,"95":0,"96":0,"97":0,"98":0,"99":0,"100":0,"101":0,"102":0,"103":0,"104":0,"105":0,"106":0,"107":0,"108":0,"109":0,"110":0,"111":0,"112":0,"113":0,"114":0,"115":0,"116":0,"117":0,"118":0,"119":0,"120":0,"121":0,"122":0,"123":0,"124":0,"125":0,"126":0,"127":0,"128":0,"129":0,"130":0,"131":0,"132":0,"133":0,"134":0,"135":0,"136":0,"137":0,"138":0,"139":0,"140":0,"141":2},"fnMap":{"1":{"name":"(anonymous_1)","line":9,"loc":{"start":{"line":9,"column":1},"end":{"line":9,"column":29}}},"2":{"name":"(anonymous_2)","line":15,"loc":{"start":{"line":15,"column":717},"end":{"line":15,"column":728}}},"3":{"name":"(anonymous_3)","line":16,"loc":{"start":{"line":16,"column":20},"end":{"line":16,"column":33}}},"4":{"name":"(anonymous_4)","line":36,"loc":{"start":{"line":36,"column":14},"end":{"line":36,"column":37}}},"5":{"name":"(anonymous_5)","line":45,"loc":{"start":{"line":45,"column":16},"end":{"line":45,"column":27}}},"6":{"name":"(anonymous_6)","line":68,"loc":{"start":{"line":68,"column":18},"end":{"line":68,"column":35}}},"7":{"name":"(anonymous_7)","line":97,"loc":{"start":{"line":97,"column":14},"end":{"line":97,"column":34}}},"8":{"name":"(anonymous_8)","line":113,"loc":{"start":{"line":113,"column":14},"end":{"line":113,"column":34}}},"9":{"name":"(anonymous_9)","line":128,"loc":{"start":{"line":128,"column":29},"end":{"line":128,"column":43}}},"10":{"name":"(anonymous_10)","line":144,"loc":{"start":{"line":144,"column":21},"end":{"line":144,"column":46}}},"11":{"name":"(anonymous_11)","line":161,"loc":{"start":{"line":161,"column":25},"end":{"line":161,"column":39}}},"12":{"name":"(anonymous_12)","line":175,"loc":{"start":{"line":175,"column":43},"end":{"line":175,"column":59}}},"13":{"name":"(anonymous_13)","line":196,"loc":{"start":{"line":196,"column":38},"end":{"line":196,"column":49}}},"14":{"name":"(anonymous_14)","line":214,"loc":{"start":{"line":214,"column":29},"end":{"line":214,"column":40}}},"15":{"name":"(anonymous_15)","line":246,"loc":{"start":{"line":246,"column":37},"end":{"line":246,"column":48}}},"16":{"name":"(anonymous_16)","line":270,"loc":{"start":{"line":270,"column":27},"end":{"line":270,"column":38}}},"17":{"name":"(anonymous_17)","line":280,"loc":{"start":{"line":280,"column":19},"end":{"line":280,"column":30}}},"18":{"name":"(anonymous_18)","line":288,"loc":{"start":{"line":288,"column":22},"end":{"line":288,"column":33}}},"19":{"name":"(anonymous_19)","line":398,"loc":{"start":{"line":398,"column":92},"end":{"line":398,"column":112}}},"20":{"name":"(anonymous_20)","line":406,"loc":{"start":{"line":406,"column":102},"end":{"line":406,"column":122}}},"21":{"name":"(anonymous_21)","line":408,"loc":{"start":{"line":408,"column":9},"end":{"line":408,"column":29}}},"22":{"name":"(anonymous_22)","line":437,"loc":{"start":{"line":437,"column":16},"end":{"line":437,"column":34}}},"23":{"name":"(anonymous_23)","line":439,"loc":{"start":{"line":439,"column":29},"end":{"line":439,"column":44}}},"24":{"name":"(anonymous_24)","line":467,"loc":{"start":{"line":467,"column":15},"end":{"line":467,"column":26}}},"25":{"name":"(anonymous_25)","line":484,"loc":{"start":{"line":484,"column":28},"end":{"line":484,"column":39}}},"26":{"name":"(anonymous_26)","line":491,"loc":{"start":{"line":491,"column":25},"end":{"line":491,"column":36}}},"27":{"name":"(anonymous_27)","line":498,"loc":{"start":{"line":498,"column":12},"end":{"line":498,"column":42}}},"28":{"name":"(anonymous_28)","line":503,"loc":{"start":{"line":503,"column":31},"end":{"line":503,"column":45}}},"29":{"name":"(anonymous_29)","line":556,"loc":{"start":{"line":556,"column":13},"end":{"line":556,"column":43}}},"30":{"name":"(anonymous_30)","line":563,"loc":{"start":{"line":563,"column":31},"end":{"line":563,"column":45}}},"31":{"name":"(anonymous_31)","line":593,"loc":{"start":{"line":593,"column":19},"end":{"line":593,"column":39}}},"32":{"name":"(anonymous_32)","line":606,"loc":{"start":{"line":606,"column":14},"end":{"line":606,"column":30}}},"33":{"name":"(anonymous_33)","line":634,"loc":{"start":{"line":634,"column":28},"end":{"line":634,"column":39}}},"34":{"name":"(anonymous_34)","line":642,"loc":{"start":{"line":642,"column":16},"end":{"line":642,"column":27}}},"35":{"name":"(anonymous_35)","line":672,"loc":{"start":{"line":672,"column":43},"end":{"line":672,"column":54}}},"36":{"name":"(anonymous_36)","line":693,"loc":{"start":{"line":693,"column":17},"end":{"line":693,"column":28}}},"37":{"name":"(anonymous_37)","line":704,"loc":{"start":{"line":704,"column":17},"end":{"line":704,"column":40}}},"38":{"name":"(anonymous_38)","line":725,"loc":{"start":{"line":725,"column":19},"end":{"line":725,"column":36}}},"39":{"name":"(anonymous_39)","line":737,"loc":{"start":{"line":737,"column":17},"end":{"line":737,"column":34}}},"40":{"name":"(anonymous_40)","line":748,"loc":{"start":{"line":748,"column":15},"end":{"line":748,"column":33}}},"41":{"name":"(anonymous_41)","line":775,"loc":{"start":{"line":775,"column":14},"end":{"line":775,"column":25}}},"42":{"name":"(anonymous_42)","line":794,"loc":{"start":{"line":794,"column":23},"end":{"line":794,"column":34}}},"43":{"name":"(anonymous_43)","line":801,"loc":{"start":{"line":801,"column":24},"end":{"line":801,"column":37}}},"44":{"name":"(anonymous_44)","line":808,"loc":{"start":{"line":808,"column":21},"end":{"line":808,"column":37}}},"45":{"name":"(anonymous_45)","line":880,"loc":{"start":{"line":880,"column":26},"end":{"line":880,"column":45}}},"46":{"name":"(anonymous_46)","line":888,"loc":{"start":{"line":888,"column":22},"end":{"line":888,"column":38}}},"47":{"name":"(anonymous_47)","line":936,"loc":{"start":{"line":936,"column":28},"end":{"line":936,"column":44}}},"48":{"name":"(anonymous_48)","line":946,"loc":{"start":{"line":946,"column":26},"end":{"line":946,"column":63}}},"49":{"name":"(anonymous_49)","line":948,"loc":{"start":{"line":948,"column":18},"end":{"line":948,"column":29}}},"50":{"name":"(anonymous_50)","line":961,"loc":{"start":{"line":961,"column":27},"end":{"line":961,"column":43}}},"51":{"name":"(anonymous_51)","line":994,"loc":{"start":{"line":994,"column":40},"end":{"line":994,"column":56}}},"52":{"name":"(anonymous_52)","line":1006,"loc":{"start":{"line":1006,"column":25},"end":{"line":1006,"column":41}}},"53":{"name":"(anonymous_53)","line":1171,"loc":{"start":{"line":1171,"column":34},"end":{"line":1171,"column":59}}},"54":{"name":"(anonymous_54)","line":1179,"loc":{"start":{"line":1179,"column":18},"end":{"line":1179,"column":29}}},"55":{"name":"(anonymous_55)","line":1190,"loc":{"start":{"line":1190,"column":24},"end":{"line":1190,"column":40}}},"56":{"name":"(anonymous_56)","line":1230,"loc":{"start":{"line":1230,"column":36},"end":{"line":1230,"column":47}}},"57":{"name":"(anonymous_57)","line":1235,"loc":{"start":{"line":1235,"column":47},"end":{"line":1235,"column":58}}},"58":{"name":"(anonymous_58)","line":1252,"loc":{"start":{"line":1252,"column":26},"end":{"line":1252,"column":37}}},"59":{"name":"(anonymous_59)","line":1268,"loc":{"start":{"line":1268,"column":23},"end":{"line":1268,"column":45}}},"60":{"name":"(anonymous_60)","line":1279,"loc":{"start":{"line":1279,"column":24},"end":{"line":1279,"column":38}}},"61":{"name":"(anonymous_61)","line":1283,"loc":{"start":{"line":1283,"column":35},"end":{"line":1283,"column":49}}},"62":{"name":"(anonymous_62)","line":1311,"loc":{"start":{"line":1311,"column":18},"end":{"line":1311,"column":29}}},"63":{"name":"(anonymous_63)","line":1352,"loc":{"start":{"line":1352,"column":20},"end":{"line":1352,"column":31}}},"64":{"name":"removeSwfFromIE","line":1359,"loc":{"start":{"line":1359,"column":11},"end":{"line":1359,"column":38}}},"65":{"name":"(anonymous_65)","line":1399,"loc":{"start":{"line":1399,"column":28},"end":{"line":1399,"column":47}}},"66":{"name":"(anonymous_66)","line":1449,"loc":{"start":{"line":1449,"column":33},"end":{"line":1449,"column":66}}},"67":{"name":"(anonymous_67)","line":1484,"loc":{"start":{"line":1484,"column":19},"end":{"line":1484,"column":43}}},"68":{"name":"(anonymous_68)","line":1499,"loc":{"start":{"line":1499,"column":14},"end":{"line":1499,"column":32}}},"69":{"name":"(anonymous_69)","line":1545,"loc":{"start":{"line":1545,"column":23},"end":{"line":1545,"column":45}}},"70":{"name":"(anonymous_70)","line":1568,"loc":{"start":{"line":1568,"column":31},"end":{"line":1568,"column":42}}},"71":{"name":"(anonymous_71)","line":1569,"loc":{"start":{"line":1569,"column":29},"end":{"line":1569,"column":47}}},"72":{"name":"(anonymous_72)","line":1591,"loc":{"start":{"line":1591,"column":11},"end":{"line":1591,"column":50}}},"73":{"name":"(anonymous_73)","line":1618,"loc":{"start":{"line":1618,"column":27},"end":{"line":1618,"column":38}}},"74":{"name":"(anonymous_74)","line":1631,"loc":{"start":{"line":1631,"column":18},"end":{"line":1631,"column":43}}},"75":{"name":"(anonymous_75)","line":1656,"loc":{"start":{"line":1656,"column":21},"end":{"line":1656,"column":46}}},"76":{"name":"(anonymous_76)","line":1683,"loc":{"start":{"line":1683,"column":18},"end":{"line":1683,"column":37}}},"77":{"name":"(anonymous_77)","line":1700,"loc":{"start":{"line":1700,"column":28},"end":{"line":1700,"column":41}}},"78":{"name":"(anonymous_78)","line":1734,"loc":{"start":{"line":1734,"column":26},"end":{"line":1734,"column":39}}},"79":{"name":"(anonymous_79)","line":1757,"loc":{"start":{"line":1757,"column":33},"end":{"line":1757,"column":44}}},"80":{"name":"(anonymous_80)","line":1769,"loc":{"start":{"line":1769,"column":20},"end":{"line":1769,"column":31}}},"81":{"name":"(anonymous_81)","line":1788,"loc":{"start":{"line":1788,"column":23},"end":{"line":1788,"column":41}}},"82":{"name":"(anonymous_82)","line":1803,"loc":{"start":{"line":1803,"column":23},"end":{"line":1803,"column":37}}},"83":{"name":"(anonymous_83)","line":1821,"loc":{"start":{"line":1821,"column":24},"end":{"line":1821,"column":42}}},"84":{"name":"(anonymous_84)","line":1845,"loc":{"start":{"line":1845,"column":23},"end":{"line":1845,"column":59}}},"85":{"name":"(anonymous_85)","line":1891,"loc":{"start":{"line":1891,"column":28},"end":{"line":1891,"column":52}}},"86":{"name":"parseFlashVersion","line":1899,"loc":{"start":{"line":1899,"column":4},"end":{"line":1899,"column":37}}},"87":{"name":"isPepperFlash","line":1904,"loc":{"start":{"line":1904,"column":4},"end":{"line":1904,"column":48}}},"88":{"name":"inspectPlugin","line":1907,"loc":{"start":{"line":1907,"column":4},"end":{"line":1907,"column":35}}},"89":{"name":"(anonymous_89)","line":1972,"loc":{"start":{"line":1972,"column":22},"end":{"line":1972,"column":33}}},"90":{"name":"(anonymous_90)","line":1995,"loc":{"start":{"line":1995,"column":25},"end":{"line":1995,"column":36}}},"91":{"name":"(anonymous_91)","line":2004,"loc":{"start":{"line":2004,"column":24},"end":{"line":2004,"column":35}}},"92":{"name":"(anonymous_92)","line":2013,"loc":{"start":{"line":2013,"column":34},"end":{"line":2013,"column":45}}},"93":{"name":"(anonymous_93)","line":2022,"loc":{"start":{"line":2022,"column":21},"end":{"line":2022,"column":32}}},"94":{"name":"(anonymous_94)","line":2033,"loc":{"start":{"line":2033,"column":22},"end":{"line":2033,"column":33}}},"95":{"name":"(anonymous_95)","line":2042,"loc":{"start":{"line":2042,"column":27},"end":{"line":2042,"column":38}}},"96":{"name":"(anonymous_96)","line":2051,"loc":{"start":{"line":2051,"column":23},"end":{"line":2051,"column":34}}},"97":{"name":"(anonymous_97)","line":2060,"loc":{"start":{"line":2060,"column":25},"end":{"line":2060,"column":36}}},"98":{"name":"(anonymous_98)","line":2069,"loc":{"start":{"line":2069,"column":26},"end":{"line":2069,"column":37}}},"99":{"name":"(anonymous_99)","line":2078,"loc":{"start":{"line":2078,"column":26},"end":{"line":2078,"column":37}}},"100":{"name":"(anonymous_100)","line":2088,"loc":{"start":{"line":2088,"column":28},"end":{"line":2088,"column":39}}},"101":{"name":"(anonymous_101)","line":2098,"loc":{"start":{"line":2098,"column":26},"end":{"line":2098,"column":37}}},"102":{"name":"(anonymous_102)","line":2110,"loc":{"start":{"line":2110,"column":49},"end":{"line":2110,"column":60}}},"103":{"name":"(anonymous_103)","line":2121,"loc":{"start":{"line":2121,"column":50},"end":{"line":2121,"column":61}}},"104":{"name":"(anonymous_104)","line":2130,"loc":{"start":{"line":2130,"column":32},"end":{"line":2130,"column":43}}},"105":{"name":"(anonymous_105)","line":2183,"loc":{"start":{"line":2183,"column":27},"end":{"line":2183,"column":46}}},"106":{"name":"(anonymous_106)","line":2190,"loc":{"start":{"line":2190,"column":27},"end":{"line":2190,"column":43}}},"107":{"name":"(anonymous_107)","line":2199,"loc":{"start":{"line":2199,"column":32},"end":{"line":2199,"column":43}}},"108":{"name":"(anonymous_108)","line":2208,"loc":{"start":{"line":2208,"column":18},"end":{"line":2208,"column":48}}},"109":{"name":"(anonymous_109)","line":2216,"loc":{"start":{"line":2216,"column":31},"end":{"line":2216,"column":45}}},"110":{"name":"(anonymous_110)","line":2265,"loc":{"start":{"line":2265,"column":19},"end":{"line":2265,"column":49}}},
[...]
Els && clippedEls.indexOf(event.relatedTarget) !== -1;","    var goodClient = event.client && event.client === this;","    if (!meta || !(goodTarget || goodRelTarget || goodClient)) {","      return false;","    }","    return true;","  };","  /**"," * Handle the actual dispatching of events to a client instance."," *"," * @returns `undefined`"," * @private"," */","  var _clientDispatchCallbacks = function(event) {","    var meta = _clientMeta[this.id];","    if (!(typeof event === \"object\" && event && event.type && meta)) {","      return;","    }","    var async = _shouldPerformAsync(event);","    var wildcardTypeHandlers = meta && meta.handlers[\"*\"] || [];","    var specificTypeHandlers = meta && meta.handlers[event.type] || [];","    var handlers = wildcardTypeHandlers.concat(specificTypeHandlers);","    if (handlers && handlers.length) {","      var i, len, func, context, eventCopy, originalContext = this;","      for (i = 0, len = handlers.length; i < len; i++) {","        func = handlers[i];","        context = originalContext;","        if (typeof func === \"string\" && typeof _window[func] === \"function\") {","          func = _window[func];","        }","        if (typeof func === \"object\" && func && typeof func.handleEvent === \"function\") {","          context = func;","          func = func.handleEvent;","        }","        if (typeof func === \"function\") {","          eventCopy = _extend({}, event);","          _dispatchCallback(func, context, [ eventCopy ], async);","        }","      }","    }","  };","  /**"," * Prepares the elements for clipping/unclipping."," *"," * @returns An Array of elements."," * @private"," */","  var _prepClip = function(elements) {","    if (typeof elements === \"string\") {","      elements = [];","    }","    return typeof elements.length !== \"number\" ? [ elements ] : elements;","  };","  /**"," * Add a `mouseover` handler function for a clipped element."," *"," * @returns `undefined`"," * @private"," */","  var _addMouseHandlers = function(element) {","    if (!(element && element.nodeType === 1)) {","      return;","    }","    var _suppressMouseEvents = function(event) {","      if (!(event || (event = _window.event))) {","        return;","      }","      if (event._source !== \"js\") {","        event.stopImmediatePropagation();","        event.preventDefault();","      }","      delete event._source;","    };","    var _elementMouseOver = function(event) {","      if (!(event || (event = _window.event))) {","        return;","      }","      _suppressMouseEvents(event);","      ZeroClipboard.focus(element);","    };","    element.addEventListener(\"mouseover\", _elementMouseOver, false);","    element.addEventListener(\"mouseout\", _suppressMouseEvents, false);","    element.addEventListener(\"mouseenter\", _suppressMouseEvents, false);","    element.addEventListener(\"mouseleave\", _suppressMouseEvents, false);","    element.addEventListener(\"mousemove\", _suppressMouseEvents, false);","    _mouseHandlers[element.zcClippingId] = {","      mouseover: _elementMouseOver,","      mouseout: _suppressMouseEvents,","      mouseenter: _suppressMouseEvents,","      mouseleave: _suppressMouseEvents,","      mousemove: _suppressMouseEvents","    };","  };","  /**"," * Remove a `mouseover` handler function for a clipped element."," *"," * @returns `undefined`"," * @private"," */","  var _removeMouseHandlers = function(element) {","    if (!(element && element.nodeType === 1)) {","      return;","    }","    var mouseHandlers = _mouseHandlers[element.zcClippingId];","    if (!(typeof mouseHandlers === \"object\" && mouseHandlers)) {","      return;","    }","    var key, val, mouseEvents = [ \"move\", \"leave\", \"enter\", \"out\", \"over\" ];","    for (var i = 0, len = mouseEvents.length; i < len; i++) {","      key = \"mouse\" + mouseEvents[i];","      val = mouseHandlers[key];","      if (typeof val === \"function\") {","        element.removeEventListener(key, val, false);","      }","    }","    delete _mouseHandlers[element.zcClippingId];","  };","  /**"," * Creates a new ZeroClipboard client instance."," * Optionally, auto-`clip` an element or collection of elements."," *"," * @constructor"," */","  ZeroClipboard._createClient = function() {","    _clientConstructor.apply(this, _args(arguments));","  };","  /**"," * Register an event listener to the client."," *"," * @returns `this`"," */","  ZeroClipboard.prototype.on = function() {","    return _clientOn.apply(this, _args(arguments));","  };","  /**"," * Unregister an event handler from the client."," * If no `listener` function/object is provided, it will unregister all handlers for the provided `eventType`."," * If no `eventType` is provided, it will unregister all handlers for every event type."," *"," * @returns `this`"," */","  ZeroClipboard.prototype.off = function() {","    return _clientOff.apply(this, _args(arguments));","  };","  /**"," * Retrieve event listeners for an `eventType` from the client."," * If no `eventType` is provided, it will retrieve all listeners for every event type."," *"," * @returns array of listeners for the `eventType`; if no `eventType`, then a map/hash object of listeners for all event types; or `null`"," */","  ZeroClipboard.prototype.handlers = function() {","    return _clientListeners.apply(this, _args(arguments));","  };","  /**"," * Event emission receiver from the Flash object for this client's registered JavaScript event listeners."," *"," * @returns For the \"copy\" event, returns the Flash-friendly \"clipData\" object; otherwise `undefined`."," */","  ZeroClipboard.prototype.emit = function() {","    return _clientEmit.apply(this, _args(arguments));","  };","  /**"," * Register clipboard actions for new element(s) to the client."," *"," * @returns `this`"," */","  ZeroClipboard.prototype.clip = function() {","    return _clientClip.apply(this, _args(arguments));","  };","  /**"," * Unregister the clipboard actions of previously registered element(s) on the page."," * If no elements are provided, ALL registered elements will be unregistered."," *"," * @returns `this`"," */","  ZeroClipboard.prototype.unclip = function() {","    return _clientUnclip.apply(this, _args(arguments));","  };","  /**"," * Get all of the elements to which this client is clipped."," *"," * @returns array of clipped elements"," */","  ZeroClipboard.prototype.elements = function() {","    return _clientElements.apply(this, _args(arguments));","  };","  /**"," * Self-destruct and clean up everything for a single client."," * This will NOT destroy the embedded Flash object."," *"," * @returns `undefined`"," */","  ZeroClipboard.prototype.destroy = function() {","    return _clientDestroy.apply(this, _args(arguments));","  };","  /**"," * Stores the pending plain text to inject into the clipboard."," *"," * @returns `this`"," */","  ZeroClipboard.prototype.setText = function(text) {","    if (!_clientMeta[this.id]) {","      throw new Error(\"Attempted to set pending clipboard data from a destroyed ZeroClipboard client instance\");","    }","    ZeroClipboard.setData(\"text/plain\", text);","    return this;","  };","  /**"," * Stores the pending HTML text to inject into the clipboard."," *"," * @returns `this`"," */","  ZeroClipboard.prototype.setHtml = function(html) {","    if (!_clientMeta[this.id]) {","      throw new Error(\"Attempted to set pending clipboard data from a destroyed ZeroClipboard client instance\");","    }","    ZeroClipboard.setData(\"text/html\", html);","    return this;","  };","  /**"," * Stores the pending rich text (RTF) to inject into the clipboard."," *"," * @returns `this`"," */","  ZeroClipboard.prototype.setRichText = function(richText) {","    if (!_clientMeta[this.id]) {","      throw new Error(\"Attempted to set pending clipboard data from a destroyed ZeroClipboard client instance\");","    }","    ZeroClipboard.setData(\"application/rtf\", richText);","    return this;","  };","  /**"," * Stores the pending data to inject into the clipboard."," *"," * @returns `this`"," */","  ZeroClipboard.prototype.setData = function() {","    if (!_clientMeta[this.id]) {","      throw new Error(\"Attempted to set pending clipboard data from a destroyed ZeroClipboard client instance\");","    }","    ZeroClipboard.setData.apply(this, _args(arguments));","    return this;","  };","  /**"," * Clears the pending data to inject into the clipboard."," * If no `format` is provided, all pending data formats will be cleared."," *"," * @returns `this`"," */","  ZeroClipboard.prototype.clearData = function() {","    if (!_clientMeta[this.id]) {","      throw new Error(\"Attempted to clear pending clipboard data from a destroyed ZeroClipboard client instance\");","    }","    ZeroClipboard.clearData.apply(this, _args(arguments));","    return this;","  };","  /**"," * Gets a copy of the pending data to inject into the clipboard."," * If no `format` is provided, a copy of ALL pending data formats will be returned."," *"," * @returns `String` or `Object`"," */","  ZeroClipboard.prototype.getData = function() {","    if (!_clientMeta[this.id]) {","      throw new Error(\"Attempted to get pending clipboard data from a destroyed ZeroClipboard client instance\");","    }","    return ZeroClipboard.getData.apply(this, _args(arguments));","  };","  if (typeof define === \"function\" && define.amd) {","    define(function() {","      return ZeroClipboard;","    });","  } else if (typeof module === \"object\" && module && typeof module.exports === \"object\" && module.exports) {","    module.exports = ZeroClipboard;","  } else {","    window.ZeroClipboard = ZeroClipboard;","  }","})(function() {","  return this || window;","}());"],"l":{"9":2,"15":2,"16":2,"17":0,"19":2,"20":0,"21":0,"22":0,"23":0,"24":0,"28":2,"36":2,"37":0,"45":2,"46":0,"47":0,"48":0,"49":0,"50":0,"51":0,"52":0,"53":0,"54":0,"60":0,"68":2,"69":0,"70":0,"71":0,"72":0,"73":0,"74":0,"75":0,"76":0,"80":0,"81":0,"82":0,"83":0,"87":0,"97":2,"98":0,"99":0,"100":0,"101":0,"104":0,"113":2,"114":0,"115":0,"116":0,"117":0,"120":0,"128":2,"129":0,"130":0,"131":0,"132":0,"136":0,"144":2,"145":0,"146":0,"147":0,"148":0,"150":0,"153":0,"161":2,"162":0,"163":0,"164":0,"165":0,"167":0,"175":2,"176":0,"177":0,"178":0,"179":0,"180":0,"182":0,"183":0,"184":0,"188":0,"196":2,"197":0,"198":0,"199":0,"201":0,"203":0,"204":0,"206":0,"214":2,"215":0,"216":0,"217":0,"219":0,"220":0,"221":0,"223":0,"224":0,"225":0,"226":0,"230":0,"231":0,"233":0,"234":0,"236":0,"246":2,"247":0,"248":0,"249":0,"250":0,"251":0,"253":0,"254":0,"255":0,"256":0,"257":0,"258":0,"261":0,"270":2,"271":0,"272":0,"280":2,"281":0,"282":0,"288":2,"289":2,"296":2,"301":0,"320":0,"324":0,"329":0,"334":0,"339":0,"344":0,"349":0,"354":0,"359":0,"364":0,"387":0,"393":0,"398":0,"399":0,"406":0,"407":0,"409":0,"415":0,"437":0,"438":0,"439":0,"440":0,"441":0,"442":0,"443":0,"444":0,"445":0,"447":0,"450":0,"455":0,"456":0,"457":0,"459":0,"461":0,"467":0,"468":0,"469":0,"484":0,"485":0,"491":0,"492":0,"498":0,"499":0,"500":0,"501":0,"502":0,"503":0,"504":0,"505":0,"506":0,"510":0,"511":0,"512":0,"513":0,"514":0,"515":0,"517":0,"519":0,"520":0,"524":0,"525":0,"526":0,"531":0,"532":0,"533":0,"537":0,"540":0,"541":0,"550":0,"556":0,"557":0,"558":0,"559":0,"560":0,"561":0,"562":0,"563":0,"564":0,"565":0,"566":0,"570":0,"571":0,"572":0,"573":0,"574":0,"575":0,"576":0,"577":0,"578":0,"579":0,"582":0,"587":0,"593":0,"594":0,"595":0,"596":0,"598":0,"600":0,"606":0,"607":0,"608":0,"609":0,"610":0,"612":0,"613":0,"615":0,"616":0,"621":0,"622":0,"623":0,"624":0,"625":0,"626":0,"628":0,"634":0,"635":0,"636":0,"642":0,"643":0,"644":0,"645":0,"646":0,"650":0,"652":0,"653":0,"654":0,"656":0,"657":0,"658":0,"662":0,"663":0,"664":0,"665":0,"670":0,"671":0,"672":0,"673":0,"674":0,"676":0,"677":0,"684":0,"685":0,"693":0,"694":0,"695":0,"696":0,"697":0,"698":0,"704":0,"705":0,"706":0,"707":0,"708":0,"709":0,"710":0,"711":0,"713":0,"715":0,"716":0,"717":0,"725":0,"726":0,"727":0,"728":0,"729":0,"730":0,"737":0,"738":0,"739":0,"740":0,"741":0,"748":0,"749":0,"750":0,"752":0,"753":0,"754":0,"755":0,"758":0,"759":0,"760":0,"761":0,"762":0,"763":0,"764":0,"767":0,"768":0,"769":0,"775":0,"776":0,"777":0,"778":0,"779":0,"780":0,"781":0,"782":0,"784":0,"785":0,"786":0,"787":0,"794":0,"795":0,"801":0,"802":0,"808":0,"809":0,"810":0,"811":0,"812":0,"813":0,"814":0,"816":0,"817":0,"819":0,"820":0,"821":0,"823":0,"830":0,"831":0,"832":0,"834":0,"835":0,"837":0,"838":0,"843":0,"844":0,"845":0,"850":0,"851":0,"855":0,"856":0,"862":0,"863":0,"868":0,"869":0,"871":0,"872":0,"874":0,"880":0,"881":0,"882":0,"888":0,"889":0,"890":0,"891":0,"892":0,"893":0,"894":0,"895":0,"896":0,"897":0,"898":0,"899":0,"900":0,"901":0,"902":0,"903":0,"904":0,"905":0,"906":0,"907":0,"908":0,"928":0,"936":0,"937":0,"938":0,"946":0,"947":0,"948":0,"949":0,"952":0,"961":0,"962":0,"963":0,"965":0,"966":0,"967":0,"968":0,"969":0,"970":0,"971":0,"972":0,"973":0,"974":0,"975":0,"977":0,"978":0,"979":0,"981":0,"982":0,"983":0,"987":0,"994":0,"995":0,"996":0,"997":0,"999":0,"1006":0,"1007":0,"1008":0,"1009":0,"1010":0,"1012":0,"1013":0,"1014":0,"1016":0,"1017":0,"1026":0,"1027":0,"1037":0,"1038":0,"1039":0,"1050":0,"1051":0,"1054":0,"1055":0,"1056":0,"1067":0,"1068":0,"1071":0,"1072":0,"1075":0,"1076":0,"1077":0,"1078":0,"1079":0,"1080":0,"1082":0,"1083":0,"1084":0,"1086":0,"1089":0,"1090":0,"1091":0,"1092":0,"1094":0,"1097":0,"1098":0,"1099":0,"1100":0,"1106":0,"1110":0,"1113":0,"1114":0,"1115":0,"1116":0,"1122":0,"1126":0,"1129":0,"1130":0,"1131":0,"1135":0,"1138":0,"1139":0,"1140":0,"1144":0,"1147":0,"1148":0,"1149":0,"1153":0,"1156":0,"1157":0,"1161":0,"1163":0,"1164":0,"1171":0,"1172":0,"1173":0,"1174":0,"1178":0,"1179":0,"1180":0,"1190":0,"1191":0,"1192":0,"1194":0,"1201":0,"1202":0,"1204":0,"1205":0,"1206":0,"1207":0,"1208":0,"1209":0,"1210":0,"1230":0,"1231":0,"1232":0,"1233":0,"1234":0,"1235":0,"1236":0,"1237":0,"1238":0,"1239":0,"1240":0,"1252":0,"1253":0,"1254":0,"1255":0,"1256":0,"1257":0,"1258":0,"1259":0,"1260":0,"1261":0,"1262":0,"1268":0,"1269":0,"1270":0,"1271":0,"1273":0,"1279":0,"1280":0,"1281":0,"1283":0,"1284":0,"1286":0,"1289":0,"1292":0,"1295":0,"1298":0,"1301":0,"1311":0,"1312":0,"1313":0,"1314":0,"1315":0,"1316":0,"1319":0,"1320":0,"1321":0,"1323":0,"1324":0,"1325":0,"1326":0,"1327":0,"1328":0,"1329":0,"1330":0,"1331":0,"1332":0,"1333":0,"1334":0,"1336":0,"1337":0,"1338":0,"1339":0,"1341":0,"1342":0,"1345":0,"1346":0,"1352":0,"1353":0,"1354":0,"1355":0,"1356":0,"1357":0,"1358":0,"1359":0,"1360":0,"1361":0,"1362":0,"1363":0,"1366":0,"1367":0,"1369":0,"1370":0,"1373":0,"1377":0,"1378":0,"1380":0,"1381":0,"1385":0,"1386":0,"1387":0,"1388":0,"1389":0,"1390":0,"1399":0,"1400":0,"1401":0,"1402":0,"1404":0,"1405":0,"1406":0,"1411":0,"1412":0,"1413":0,"1419":0,"1420":0,"1421":0,"1429":0,"1430":0,"1431":0,"1434":0,"1438":0,"1449":0,"1450":0,"1451":0,"1453":0,"1454":0,"1455":0,"1456":0,"1457":0,"1458":0,"1459":0,"1461":0,"1462":0,"1464":0,"1465":0,"1466":0,"1467":0,"1468":0,"1474":0,"1484":0,"1485":0,"1486":0,"1487":0,"1489":0,"1499":0,"1500":0,"1501":0,"1502":0,"1503":0,"1504":0,"1505":0,"1508":0,"1509":0,"1510":0,"1511":0,"1512":0,"1513":0,"1515":0,"1516":0,"1517":0,"1518":0,"1520":0,"1524":0,"1525":0,"1527":0,"1528":0,"1530":0,"1531":0,"1533":0,"1534":0,"1536":0,"1545":0,"1546":0,"1547":0,"1549":0,"1550":0,"1551":0,"1553":0,"1554":0,"1555":0,"1556":0,"1557":0,"1558":0,"1560":0,"1568":0,"1569":0,"1570":0,"1571":0,"1572":0,"1574":0,"1575":0,"1577":0,"1578":0,"1579":0,"1580":0,"1581":0,"1582":0,"1584":0,"1585":0,"1589":0,"1591":0,"1592":0,"1593":0,"1594":0,"1596":0,"1597":0,"1598":0,"1599":0,"1600":0,"1602":0,"1603":0,"1604":0,"1606":0,"1609":0,"1618":0,"1619":0,"1620":0,"1622":0,"1631":0,"1632":0,"1633":0,"1634":0,"1636":0,"1637":0,"1638":0,"1639":0,"1640":0,"1643":0,"1644":0,"1645":0,"1648":0,"1656":0,"1657":0,"1658":0,"1659":0,"1661":0,"1662":0,"1663":0,"1664":0,"1665":0,"1667":0,"1668":0,"1669":0,"1673":0,"1683":0,"1684":0,"1685":0,"1686":0,"1687":0,"1688":0,"1692":0,"1700":0,"1701":0,"1707":0,"1708":0,"1709":0,"1710":0,"1711":0,"1712":0,"1713":0,"1714":0,"1715":0,"1716":0,"1717":0,"1718":0,"1719":0,"1721":0,"1722":0,"1723":0,"1724":0,"1726":0,"1734":0,"1735":0,"1736":0,"1738":0,"1739":0,"1740":0,"1742":0,"1743":0,"1744":0,"1745":0,"1746":0,"1747":0,"1748":0,"1749":0,"1757":0,"1758":0,"1759":0,"1760":0,"1761":0,"1769":0,"1770":0,"1771":0,"1772":0,"1773":0,"1788":0,"1789":0,"1790":0,"1791":0,"1793":0,"1803":0,"1804":0,"1805":0,"1807":0,"1808":0,"1809":0,"1810":0,"1811":0,"1813":0,"1821":0,"1822":0,"1823":0,"1824":0,"1825":0,"1826":0,"1828":0,"1829":0,"1832":0,"1845":0,"1846":0,"1847":0,"1848":0,"1849":0,"1851":0,"1852":0,"1854":0,"1859":0,"1860":0,"1861":0,"1863":0,"1866":0,"1867":0,"1869":0,"1871":0,"1872":0,"1876":0,"1877":0,"1878":0,"1880":0,"1891":0,"1892":0,"1899":1,"1900":0,"1901":0,"1902":0,"1904":1,"1905":0,"1907":1,"1908":0,"1909":0,"1910":0,"1911":0,"1913":0,"1914":0,"1916":0,"1917":0,"1921":0,"1922":0,"1923":0,"1924":0,"1925":0,"1926":0,"1928":0,"1929":0,"1930":0,"1931":0,"1932":0,"1933":0,"1934":0,"1935":0,"1936":0,"1937":0,"1939":0,"1940":0,"1941":0,"1942":0,"1944":0,"1945":0,"1946":0,"1947":0,"1949":0,"1954":0,"1955":0,"1956":0,"1957":0,"1962":0,"1966":0,"1972":0,"1973":0,"1974":0,"1976":0,"1977":0,"1987":0,"1995":0,"1996":0,"2004":0,"2005":0,"2013":0,"2014":0,"2022":0,"2023":0,"2033":0,"2034":0,"2042":0,"2043":0,"2051":0,"2052":0,"2060":0,"2061":0,"2069":0,"2070":0,"2078":0,"2079":0,"2088":0,"2089":0,"2098":0,"2099":0,"2110":0,"2111":0,"2121":0,"2122":0,"2130":0,"2131":0,"2136":0,"2148":0,"2152":0,"2159":0,"2172":0,"2176":0,"2183":0,"2184":0,"2185":0,"2186":0,"2191":0,"2194":0,"2195":0,"2196":0,"2198":0,"2199":0,"2200":0,"2202":0,"2208":0,"2209":0,"2210":0,"2211":0,"2213":0,"2214":0,"2215":0,"2216":0,"2217":0,"2218":0,"2219":0,"2223":0,"2224":0,"2225":0,"2226":0,"2227":0,"2228":0,"2230":0,"2232":0,"2233":0,"2238":0,"2239":0,"2240":0,"2241":0,"2246":0,"2249":0,"2250":0,"2259":0,"2265":0,"2266":0,"2267":0,"2268":0,"2270":0,"2271":0,"2272":0,"2273":0,"2274":0,"2275":0,"2276":0,"2277":0,"2278":0,"2282":0,"2283":0,"2284":0,"2285":0,"2286":0,"2287":0,"2288":0,"2289":0,"2290":0,"2291":0,"2294":0,"2299":0,"2305":0,"2306":0,"2307":0,"2308":0,"2309":0,"2311":0,"2314":0,"2320":0,"2321":0,"2322":0,"2323":0,"2324":0,"2326":0,"2329":0,"2331":0,"2337":0,"2338":0,"2339":0,"2341":0,"2342":0,"2343":0,"2344":0,"2345":0,"2346":0,"2347":0,"2348":0,"2350":0,"2351":0,"2353":0,"2354":0,"2355":0,"2359":0,"2365":0,"2366":0,"2367":0,"2368":0,"2370":0,"2371":0,"2372":0,"2373":0,"2375":0,"2377":0,"2378":0,"2379":0,"2380":0,"2381":0,"2383":0,"2384":0,"2385":0,"2386":0,"2387":0,"2389":0,"2390":0,"2391":0,"2393":0,"2398":0,"2404":0,"2405":0,"2406":0,"2412":0,"2413":0,"2414":0,"2415":0,"2417":0,"2418":0,"2419":0,"2420":0,"2426":0,"2427":0,"2428":0,"2430":0,"2431":0,"2433":0,"2434":0,"2435":0,"2436":0,"2437":0,"2438":0,"2439":0,"2440":0,"2442":0,"2450":0,"2451":0,"2452":0,"2453":0,"2455":0,"2456":0,"2457":0,"2458":0,"2459":0,"2460":0,"2461":0,"2462":0,"2463":0,"2464":0,"2465":0,"2467":0,"2468":0,"2469":0,"2471":0,"2472":0,"2473":0,"2484":0,"2485":0,"2486":0,"2488":0,"2496":0,"2497":0,"2498":0,"2500":0,"2501":0,"2502":0,"2504":0,"2505":0,"2506":0,"2508":0,"2510":0,"2511":0,"2512":0,"2514":0,"2515":0,"2517":0,"2518":0,"2519":0,"2520":0,"2521":0,"2522":0,"2536":0,"2537":0,"2538":0,"2540":0,"2541":0,"2542":0,"2544":0,"2545":0,"2546":0,"2547":0,"2548":0,"2549":0,"2552":0,"2560":0,"2561":0,"2568":0,"2569":0,"2578":0,"2579":0,"2587":0,"2588":0,"2595":0,"2596":0,"2603":0,"2604":0,"2612":0,"2613":0,"2620":0,"2621":0,"2629":0,"2630":0,"2637":0,"2638":0,"2639":0,"2641":0,"2642":0,"2649":0,"2650":0,"2651":0,"2653":0,"2654":0,"2661":0,"2662":0,"2663":0,"2665":0,"2666":0,"2673":0,"2674":0,"2675":0,"2677":0,"2678":0,"2686":0,"2687":0,"2688":0,"2690":0,"2691":0,"2699":0,"2700":0,"2701":0,"2703":0,"2705":0,"2706":0,"2707":0,"2709":0,"2710":0,"2712":0,"2715":2}}}